Running with dbt=1.7.19
Registered adapter: mysql=1.7.0
Unable to do partial parsing because config vars, config profile, or config target have changed
Found 30 models, 14 sources, 0 exposures, 0 metrics, 390 macros, 0 groups, 0 semantic models

Concurrency: 1 threads (target='dev')

1 of 30 START sql table model Dagster_dbt_staging.circuits_stg ................. [RUN]
1 of 30 OK created sql table model Dagster_dbt_staging.circuits_stg ............ [[32mSUCCESS 77[0m in 0.19s]
2 of 30 START sql table model Dagster_dbt_staging.constructor_results_stg ...... [RUN]
2 of 30 OK created sql table model Dagster_dbt_staging.constructor_results_stg . [[32mSUCCESS 12625[0m in 0.30s]
3 of 30 START sql table model Dagster_dbt_staging.constructor_standings_stg .... [RUN]
3 of 30 OK created sql table model Dagster_dbt_staging.constructor_standings_stg  [[32mSUCCESS 13391[0m in 0.29s]
4 of 30 START sql table model Dagster_dbt_staging.constructors_stg ............. [RUN]
4 of 30 OK created sql table model Dagster_dbt_staging.constructors_stg ........ [[32mSUCCESS 212[0m in 0.13s]
5 of 30 START sql table model Dagster_dbt_staging.driver_standings_stg ......... [RUN]
5 of 30 OK created sql table model Dagster_dbt_staging.driver_standings_stg .... [[32mSUCCESS 34863[0m in 0.58s]
6 of 30 START sql table model Dagster_dbt_staging.drivers_stg .................. [RUN]
6 of 30 OK created sql table model Dagster_dbt_staging.drivers_stg ............. [[32mSUCCESS 861[0m in 0.43s]
7 of 30 START sql table model Dagster_dbt_staging.lap_times_stg ................ [RUN]
7 of 30 OK created sql table model Dagster_dbt_staging.lap_times_stg ........... [[32mSUCCESS 589081[0m in 7.06s]
8 of 30 START sql table model Dagster_dbt_staging.pit_stops_stg ................ [RUN]
8 of 30 OK created sql table model Dagster_dbt_staging.pit_stops_stg ........... [[32mSUCCESS 11371[0m in 0.29s]
9 of 30 START sql table model Dagster_dbt_staging.qualifying_stg ............... [RUN]
9 of 30 OK created sql table model Dagster_dbt_staging.qualifying_stg .......... [[32mSUCCESS 10494[0m in 0.32s]
10 of 30 START sql table model Dagster_dbt_staging.race_stg .................... [RUN]
10 of 30 OK created sql table model Dagster_dbt_staging.race_stg ............... [[32mSUCCESS 1125[0m in 0.14s]
11 of 30 START sql table model Dagster_dbt_staging.results_stg ................. [RUN]
11 of 30 OK created sql table model Dagster_dbt_staging.results_stg ............ [[32mSUCCESS 26759[0m in 0.74s]
12 of 30 START sql table model Dagster_dbt_staging.seasons_stg ................. [RUN]
12 of 30 OK created sql table model Dagster_dbt_staging.seasons_stg ............ [[32mSUCCESS 75[0m in 0.11s]
13 of 30 START sql table model Dagster_dbt_staging.sprint_results_stg .......... [RUN]
13 of 30 OK created sql table model Dagster_dbt_staging.sprint_results_stg ..... [[32mSUCCESS 360[0m in 0.13s]
14 of 30 START sql table model Dagster_dbt_staging.status_stg .................. [RUN]
14 of 30 OK created sql table model Dagster_dbt_staging.status_stg ............. [[32mSUCCESS 139[0m in 0.11s]
15 of 30 START sql view model Dagster_dbt_core.lap_time_patterns ............... [RUN]
15 of 30 OK created sql view model Dagster_dbt_core.lap_time_patterns .......... [[32mSUCCESS 0[0m in 0.11s]
16 of 30 START sql view model Dagster_dbt_core.pit_stop_efficiency ............. [RUN]
16 of 30 OK created sql view model Dagster_dbt_core.pit_stop_efficiency ........ [[32mSUCCESS 0[0m in 0.09s]
17 of 30 START sql view model Dagster_dbt_core.qualifying_consistency .......... [RUN]
17 of 30 OK created sql view model Dagster_dbt_core.qualifying_consistency ..... [[32mSUCCESS 0[0m in 0.09s]
18 of 30 START sql view model Dagster_dbt_core.constructor_insights ............ [RUN]
18 of 30 OK created sql view model Dagster_dbt_core.constructor_insights ....... [[32mSUCCESS 0[0m in 0.09s]
19 of 30 START sql view model Dagster_dbt_core.race_frequency .................. [RUN]
19 of 30 OK created sql view model Dagster_dbt_core.race_frequency ............. [[32mSUCCESS 0[0m in 0.10s]
20 of 30 START sql view model Dagster_dbt_core.season_schedule ................. [RUN]
20 of 30 OK created sql view model Dagster_dbt_core.season_schedule ............ [[32mSUCCESS 0[0m in 0.08s]
21 of 30 START sql view model Dagster_dbt_core.year-over-year_improvement ...... [RUN]
21 of 30 OK created sql view model Dagster_dbt_core.year-over-year_improvement . [[32mSUCCESS 0[0m in 0.09s]
22 of 30 START sql view model Dagster_dbt_core.constructor_vs_driver_performance  [RUN]
22 of 30 OK created sql view model Dagster_dbt_core.constructor_vs_driver_performance  [[32mSUCCESS 0[0m in 0.09s]
23 of 30 START sql view model Dagster_dbt_core.fastest_lap_trends .............. [RUN]
23 of 30 OK created sql view model Dagster_dbt_core.fastest_lap_trends ......... [[32mSUCCESS 0[0m in 0.10s]
24 of 30 START sql view model Dagster_dbt_core.impact_of_grid_position ......... [RUN]
24 of 30 OK created sql view model Dagster_dbt_core.impact_of_grid_position .... [[32mSUCCESS 0[0m in 0.09s]
25 of 30 START sql view model Dagster_dbt_core.performance_by_track ............ [RUN]
25 of 30 OK created sql view model Dagster_dbt_core.performance_by_track ....... [[32mSUCCESS 0[0m in 0.09s]
26 of 30 START sql view model Dagster_dbt_core.race_conditions ................. [RUN]
26 of 30 OK created sql view model Dagster_dbt_core.race_conditions ............ [[32mSUCCESS 0[0m in 0.09s]
27 of 30 START sql view model Dagster_dbt_core.top_performing_drivers .......... [RUN]
27 of 30 OK created sql view model Dagster_dbt_core.top_performing_drivers ..... [[32mSUCCESS 0[0m in 0.09s]
28 of 30 START sql view model Dagster_dbt_core.wins_per_circuit ................ [RUN]
28 of 30 OK created sql view model Dagster_dbt_core.wins_per_circuit ........... [[32mSUCCESS 0[0m in 0.08s]
29 of 30 START sql view model Dagster_dbt_core.drivers_consistency ............. [RUN]
29 of 30 OK created sql view model Dagster_dbt_core.drivers_consistency ........ [[32mSUCCESS 0[0m in 0.27s]
30 of 30 START sql view model Dagster_dbt_core.reliability_analysis ............ [RUN]
30 of 30 OK created sql view model Dagster_dbt_core.reliability_analysis ....... [[32mSUCCESS 0[0m in 0.10s]

Finished running 14 table models, 16 view models in 0 hours 0 minutes and 12.83 seconds (12.83s).

[32mCompleted successfully[0m

Done. PASS=30 WARN=0 ERROR=0 SKIP=0 TOTAL=30
