[32m2025-07-03 02:55:12 -0400[0m - dagster - [34mDEBUG[0m - __ASSET_JOB - 7cde56c0-624e-44fc-b731-d47e3a7eda45 - 83102 - LOGS_CAPTURED - Started capturing logs in process (pid: 83102).
[32m2025-07-03 02:55:12 -0400[0m - dagster - [34mDEBUG[0m - __ASSET_JOB - 7cde56c0-624e-44fc-b731-d47e3a7eda45 - 83102 - dbt_formula1_project - STEP_START - Started execution of step "dbt_formula1_project".
[32m2025-07-03 02:55:12 -0400[0m - dagster - [34mINFO[0m - __ASSET_JOB - 7cde56c0-624e-44fc-b731-d47e3a7eda45 - dbt_formula1_project - A dbt subsetted execution is not being performed. Using the default dbt selection arguments `['--select', 'fqn:*']`.
[32m2025-07-03 02:55:13 -0400[0m - dagster - [34mINFO[0m - __ASSET_JOB - 7cde56c0-624e-44fc-b731-d47e3a7eda45 - dbt_formula1_project - Copying `/Users/opeyemifaronbi/Desktop/dagstar/dagster_university/Dagster-dbt/formula1_project/target/partial_parse.msgpack` to `/Users/opeyemifaronbi/Desktop/dagstar/dagster_university/Dagster-dbt/formula1_project/target/dbt_formula1_project-7cde56c-84d590b/partial_parse.msgpack` to take advantage of partial parsing.
[32m2025-07-03 02:55:13 -0400[0m - dagster - [34mINFO[0m - __ASSET_JOB - 7cde56c0-624e-44fc-b731-d47e3a7eda45 - dbt_formula1_project - Running dbt command: `dbt build --profile formula1_project --target dev --select fqn:*`.
[32m2025-07-03 02:55:18 -0400[0m - dagster - [34mDEBUG[0m - __ASSET_JOB - 7cde56c0-624e-44fc-b731-d47e3a7eda45 - 83102 - dbt_formula1_project - STEP_OUTPUT - Yielded output "Dagster_dbt_staging__circuits_stg" of type "Nothing". (Type check passed).
[32m2025-07-03 02:55:18 -0400[0m - dagster - [34mDEBUG[0m - __ASSET_JOB - 7cde56c0-624e-44fc-b731-d47e3a7eda45 - 83102 - dbt_formula1_project - ASSET_MATERIALIZATION - Materialized value Dagster_dbt_staging circuits_stg.
[32m2025-07-03 02:55:19 -0400[0m - dagster - [34mDEBUG[0m - __ASSET_JOB - 7cde56c0-624e-44fc-b731-d47e3a7eda45 - 83102 - dbt_formula1_project - STEP_OUTPUT - Yielded output "Dagster_dbt_staging__constructor_results_stg" of type "Nothing". (Type check passed).
[32m2025-07-03 02:55:19 -0400[0m - dagster - [34mDEBUG[0m - __ASSET_JOB - 7cde56c0-624e-44fc-b731-d47e3a7eda45 - 83102 - dbt_formula1_project - ASSET_MATERIALIZATION - Materialized value Dagster_dbt_staging constructor_results_stg.
[32m2025-07-03 02:55:19 -0400[0m - dagster - [34mDEBUG[0m - __ASSET_JOB - 7cde56c0-624e-44fc-b731-d47e3a7eda45 - 83102 - dbt_formula1_project - STEP_OUTPUT - Yielded output "Dagster_dbt_staging__constructor_standings_stg" of type "Nothing". (Type check passed).
[32m2025-07-03 02:55:19 -0400[0m - dagster - [34mDEBUG[0m - __ASSET_JOB - 7cde56c0-624e-44fc-b731-d47e3a7eda45 - 83102 - dbt_formula1_project - ASSET_MATERIALIZATION - Materialized value Dagster_dbt_staging constructor_standings_stg.
[32m2025-07-03 02:55:19 -0400[0m - dagster - [34mDEBUG[0m - __ASSET_JOB - 7cde56c0-624e-44fc-b731-d47e3a7eda45 - 83102 - dbt_formula1_project - STEP_OUTPUT - Yielded output "Dagster_dbt_staging__constructors_stg" of type "Nothing". (Type check passed).
[32m2025-07-03 02:55:19 -0400[0m - dagster - [34mDEBUG[0m - __ASSET_JOB - 7cde56c0-624e-44fc-b731-d47e3a7eda45 - 83102 - dbt_formula1_project - ASSET_MATERIALIZATION - Materialized value Dagster_dbt_staging constructors_stg.
[32m2025-07-03 02:55:20 -0400[0m - dagster - [34mDEBUG[0m - __ASSET_JOB - 7cde56c0-624e-44fc-b731-d47e3a7eda45 - 83102 - dbt_formula1_project - STEP_OUTPUT - Yielded output "Dagster_dbt_staging__driver_standings_stg" of type "Nothing". (Type check passed).
[32m2025-07-03 02:55:20 -0400[0m - dagster - [34mDEBUG[0m - __ASSET_JOB - 7cde56c0-624e-44fc-b731-d47e3a7eda45 - 83102 - dbt_formula1_project - ASSET_MATERIALIZATION - Materialized value Dagster_dbt_staging driver_standings_stg.
[32m2025-07-03 02:55:20 -0400[0m - dagster - [34mDEBUG[0m - __ASSET_JOB - 7cde56c0-624e-44fc-b731-d47e3a7eda45 - 83102 - dbt_formula1_project - STEP_OUTPUT - Yielded output "Dagster_dbt_staging__drivers_stg" of type "Nothing". (Type check passed).
[32m2025-07-03 02:55:20 -0400[0m - dagster - [34mDEBUG[0m - __ASSET_JOB - 7cde56c0-624e-44fc-b731-d47e3a7eda45 - 83102 - dbt_formula1_project - ASSET_MATERIALIZATION - Materialized value Dagster_dbt_staging drivers_stg.
[32m2025-07-03 02:55:27 -0400[0m - dagster - [34mDEBUG[0m - __ASSET_JOB - 7cde56c0-624e-44fc-b731-d47e3a7eda45 - 83102 - dbt_formula1_project - STEP_OUTPUT - Yielded output "Dagster_dbt_staging__lap_times_stg" of type "Nothing". (Type check passed).
[32m2025-07-03 02:55:27 -0400[0m - dagster - [34mDEBUG[0m - __ASSET_JOB - 7cde56c0-624e-44fc-b731-d47e3a7eda45 - 83102 - dbt_formula1_project - ASSET_MATERIALIZATION - Materialized value Dagster_dbt_staging lap_times_stg.
[32m2025-07-03 02:55:27 -0400[0m - dagster - [34mDEBUG[0m - __ASSET_JOB - 7cde56c0-624e-44fc-b731-d47e3a7eda45 - 83102 - dbt_formula1_project - STEP_OUTPUT - Yielded output "Dagster_dbt_staging__pit_stops_stg" of type "Nothing". (Type check passed).
[32m2025-07-03 02:55:27 -0400[0m - dagster - [34mDEBUG[0m - __ASSET_JOB - 7cde56c0-624e-44fc-b731-d47e3a7eda45 - 83102 - dbt_formula1_project - ASSET_MATERIALIZATION - Materialized value Dagster_dbt_staging pit_stops_stg.
[32m2025-07-03 02:55:28 -0400[0m - dagster - [34mDEBUG[0m - __ASSET_JOB - 7cde56c0-624e-44fc-b731-d47e3a7eda45 - 83102 - dbt_formula1_project - STEP_OUTPUT - Yielded output "Dagster_dbt_staging__qualifying_stg" of type "Nothing". (Type check passed).
[32m2025-07-03 02:55:28 -0400[0m - dagster - [34mDEBUG[0m - __ASSET_JOB - 7cde56c0-624e-44fc-b731-d47e3a7eda45 - 83102 - dbt_formula1_project - ASSET_MATERIALIZATION - Materialized value Dagster_dbt_staging qualifying_stg.
[32m2025-07-03 02:55:28 -0400[0m - dagster - [34mDEBUG[0m - __ASSET_JOB - 7cde56c0-624e-44fc-b731-d47e3a7eda45 - 83102 - dbt_formula1_project - STEP_OUTPUT - Yielded output "Dagster_dbt_staging__race_stg" of type "Nothing". (Type check passed).
[32m2025-07-03 02:55:28 -0400[0m - dagster - [34mDEBUG[0m - __ASSET_JOB - 7cde56c0-624e-44fc-b731-d47e3a7eda45 - 83102 - dbt_formula1_project - ASSET_MATERIALIZATION - Materialized value Dagster_dbt_staging race_stg.
[32m2025-07-03 02:55:29 -0400[0m - dagster - [34mDEBUG[0m - __ASSET_JOB - 7cde56c0-624e-44fc-b731-d47e3a7eda45 - 83102 - dbt_formula1_project - STEP_OUTPUT - Yielded output "Dagster_dbt_staging__results_stg" of type "Nothing". (Type check passed).
[32m2025-07-03 02:55:29 -0400[0m - dagster - [34mDEBUG[0m - __ASSET_JOB - 7cde56c0-624e-44fc-b731-d47e3a7eda45 - 83102 - dbt_formula1_project - ASSET_MATERIALIZATION - Materialized value Dagster_dbt_staging results_stg.
[32m2025-07-03 02:55:29 -0400[0m - dagster - [34mDEBUG[0m - __ASSET_JOB - 7cde56c0-624e-44fc-b731-d47e3a7eda45 - 83102 - dbt_formula1_project - STEP_OUTPUT - Yielded output "Dagster_dbt_staging__seasons_stg" of type "Nothing". (Type check passed).
[32m2025-07-03 02:55:29 -0400[0m - dagster - [34mDEBUG[0m - __ASSET_JOB - 7cde56c0-624e-44fc-b731-d47e3a7eda45 - 83102 - dbt_formula1_project - ASSET_MATERIALIZATION - Materialized value Dagster_dbt_staging seasons_stg.
[32m2025-07-03 02:55:29 -0400[0m - dagster - [34mDEBUG[0m - __ASSET_JOB - 7cde56c0-624e-44fc-b731-d47e3a7eda45 - 83102 - dbt_formula1_project - STEP_OUTPUT - Yielded output "Dagster_dbt_staging__sprint_results_stg" of type "Nothing". (Type check passed).
[32m2025-07-03 02:55:29 -0400[0m - dagster - [34mDEBUG[0m - __ASSET_JOB - 7cde56c0-624e-44fc-b731-d47e3a7eda45 - 83102 - dbt_formula1_project - ASSET_MATERIALIZATION - Materialized value Dagster_dbt_staging sprint_results_stg.
[32m2025-07-03 02:55:29 -0400[0m - dagster - [34mDEBUG[0m - __ASSET_JOB - 7cde56c0-624e-44fc-b731-d47e3a7eda45 - 83102 - dbt_formula1_project - STEP_OUTPUT - Yielded output "Dagster_dbt_staging__status_stg" of type "Nothing". (Type check passed).
[32m2025-07-03 02:55:29 -0400[0m - dagster - [34mDEBUG[0m - __ASSET_JOB - 7cde56c0-624e-44fc-b731-d47e3a7eda45 - 83102 - dbt_formula1_project - ASSET_MATERIALIZATION - Materialized value Dagster_dbt_staging status_stg.
[32m2025-07-03 02:55:29 -0400[0m - dagster - [34mDEBUG[0m - __ASSET_JOB - 7cde56c0-624e-44fc-b731-d47e3a7eda45 - 83102 - dbt_formula1_project - STEP_OUTPUT - Yielded output "Dagster_dbt_core__lap_time_patterns" of type "Nothing". (Type check passed).
[32m2025-07-03 02:55:29 -0400[0m - dagster - [34mDEBUG[0m - __ASSET_JOB - 7cde56c0-624e-44fc-b731-d47e3a7eda45 - 83102 - dbt_formula1_project - ASSET_MATERIALIZATION - Materialized value Dagster_dbt_core lap_time_patterns.
[32m2025-07-03 02:55:29 -0400[0m - dagster - [34mDEBUG[0m - __ASSET_JOB - 7cde56c0-624e-44fc-b731-d47e3a7eda45 - 83102 - dbt_formula1_project - STEP_OUTPUT - Yielded output "Dagster_dbt_core__pit_stop_efficiency" of type "Nothing". (Type check passed).
[32m2025-07-03 02:55:29 -0400[0m - dagster - [34mDEBUG[0m - __ASSET_JOB - 7cde56c0-624e-44fc-b731-d47e3a7eda45 - 83102 - dbt_formula1_project - ASSET_MATERIALIZATION - Materialized value Dagster_dbt_core pit_stop_efficiency.
[32m2025-07-03 02:55:29 -0400[0m - dagster - [34mDEBUG[0m - __ASSET_JOB - 7cde56c0-624e-44fc-b731-d47e3a7eda45 - 83102 - dbt_formula1_project - STEP_OUTPUT - Yielded output "Dagster_dbt_core__qualifying_consistency" of type "Nothing". (Type check passed).
[32m2025-07-03 02:55:29 -0400[0m - dagster - [34mDEBUG[0m - __ASSET_JOB - 7cde56c0-624e-44fc-b731-d47e3a7eda45 - 83102 - dbt_formula1_project - ASSET_MATERIALIZATION - Materialized value Dagster_dbt_core qualifying_consistency.
[32m2025-07-03 02:55:29 -0400[0m - dagster - [34mDEBUG[0m - __ASSET_JOB - 7cde56c0-624e-44fc-b731-d47e3a7eda45 - 83102 - dbt_formula1_project - STEP_OUTPUT - Yielded output "Dagster_dbt_core__constructor_insights" of type "Nothing". (Type check passed).
[32m2025-07-03 02:55:29 -0400[0m - dagster - [34mDEBUG[0m - __ASSET_JOB - 7cde56c0-624e-44fc-b731-d47e3a7eda45 - 83102 - dbt_formula1_project - ASSET_MATERIALIZATION - Materialized value Dagster_dbt_core constructor_insights.
[32m2025-07-03 02:55:29 -0400[0m - dagster - [34mDEBUG[0m - __ASSET_JOB - 7cde56c0-624e-44fc-b731-d47e3a7eda45 - 83102 - dbt_formula1_project - STEP_OUTPUT - Yielded output "Dagster_dbt_core__race_frequency" of type "Nothing". (Type check passed).
[32m2025-07-03 02:55:29 -0400[0m - dagster - [34mDEBUG[0m - __ASSET_JOB - 7cde56c0-624e-44fc-b731-d47e3a7eda45 - 83102 - dbt_formula1_project - ASSET_MATERIALIZATION - Materialized value Dagster_dbt_core race_frequency.
[32m2025-07-03 02:55:30 -0400[0m - dagster - [34mDEBUG[0m - __ASSET_JOB - 7cde56c0-624e-44fc-b731-d47e3a7eda45 - 83102 - dbt_formula1_project - STEP_OUTPUT - Yielded output "Dagster_dbt_core__season_schedule" of type "Nothing". (Type check passed).
[32m2025-07-03 02:55:30 -0400[0m - dagster - [34mDEBUG[0m - __ASSET_JOB - 7cde56c0-624e-44fc-b731-d47e3a7eda45 - 83102 - dbt_formula1_project - ASSET_MATERIALIZATION - Materialized value Dagster_dbt_core season_schedule.
[32m2025-07-03 02:55:30 -0400[0m - dagster - [34mDEBUG[0m - __ASSET_JOB - 7cde56c0-624e-44fc-b731-d47e3a7eda45 - 83102 - dbt_formula1_project - STEP_OUTPUT - Yielded output "Dagster_dbt_core__year_over_year_improvement" of type "Nothing". (Type check passed).
[32m2025-07-03 02:55:30 -0400[0m - dagster - [34mDEBUG[0m - __ASSET_JOB - 7cde56c0-624e-44fc-b731-d47e3a7eda45 - 83102 - dbt_formula1_project - ASSET_MATERIALIZATION - Materialized value Dagster_dbt_core year-over-year_improvement.
[32m2025-07-03 02:55:30 -0400[0m - dagster - [34mDEBUG[0m - __ASSET_JOB - 7cde56c0-624e-44fc-b731-d47e3a7eda45 - 83102 - dbt_formula1_project - STEP_OUTPUT - Yielded output "Dagster_dbt_core__constructor_vs_driver_performance" of type "Nothing". (Type check passed).
[32m2025-07-03 02:55:30 -0400[0m - dagster - [34mDEBUG[0m - __ASSET_JOB - 7cde56c0-624e-44fc-b731-d47e3a7eda45 - 83102 - dbt_formula1_project - ASSET_MATERIALIZATION - Materialized value Dagster_dbt_core constructor_vs_driver_performance.
[32m2025-07-03 02:55:30 -0400[0m - dagster - [34mDEBUG[0m - __ASSET_JOB - 7cde56c0-624e-44fc-b731-d47e3a7eda45 - 83102 - dbt_formula1_project - STEP_OUTPUT - Yielded output "Dagster_dbt_core__fastest_lap_trends" of type "Nothing". (Type check passed).
[32m2025-07-03 02:55:30 -0400[0m - dagster - [34mDEBUG[0m - __ASSET_JOB - 7cde56c0-624e-44fc-b731-d47e3a7eda45 - 83102 - dbt_formula1_project - ASSET_MATERIALIZATION - Materialized value Dagster_dbt_core fastest_lap_trends.
[32m2025-07-03 02:55:30 -0400[0m - dagster - [34mDEBUG[0m - __ASSET_JOB - 7cde56c0-624e-44fc-b731-d47e3a7eda45 - 83102 - dbt_formula1_project - STEP_OUTPUT - Yielded output "Dagster_dbt_core__impact_of_grid_position" of type "Nothing". (Type check passed).
[32m2025-07-03 02:55:30 -0400[0m - dagster - [34mDEBUG[0m - __ASSET_JOB - 7cde56c0-624e-44fc-b731-d47e3a7eda45 - 83102 - dbt_formula1_project - ASSET_MATERIALIZATION - Materialized value Dagster_dbt_core impact_of_grid_position.
[32m2025-07-03 02:55:30 -0400[0m - dagster - [34mDEBUG[0m - __ASSET_JOB - 7cde56c0-624e-44fc-b731-d47e3a7eda45 - 83102 - dbt_formula1_project - STEP_OUTPUT - Yielded output "Dagster_dbt_core__performance_by_track" of type "Nothing". (Type check passed).
[32m2025-07-03 02:55:30 -0400[0m - dagster - [34mDEBUG[0m - __ASSET_JOB - 7cde56c0-624e-44fc-b731-d47e3a7eda45 - 83102 - dbt_formula1_project - ASSET_MATERIALIZATION - Materialized value Dagster_dbt_core performance_by_track.
[32m2025-07-03 02:55:30 -0400[0m - dagster - [34mDEBUG[0m - __ASSET_JOB - 7cde56c0-624e-44fc-b731-d47e3a7eda45 - 83102 - dbt_formula1_project - STEP_OUTPUT - Yielded output "Dagster_dbt_core__race_conditions" of type "Nothing". (Type check passed).
[32m2025-07-03 02:55:30 -0400[0m - dagster - [34mDEBUG[0m - __ASSET_JOB - 7cde56c0-624e-44fc-b731-d47e3a7eda45 - 83102 - dbt_formula1_project - ASSET_MATERIALIZATION - Materialized value Dagster_dbt_core race_conditions.
[32m2025-07-03 02:55:30 -0400[0m - dagster - [34mDEBUG[0m - __ASSET_JOB - 7cde56c0-624e-44fc-b731-d47e3a7eda45 - 83102 - dbt_formula1_project - STEP_OUTPUT - Yielded output "Dagster_dbt_core__top_performing_drivers" of type "Nothing". (Type check passed).
[32m2025-07-03 02:55:30 -0400[0m - dagster - [34mDEBUG[0m - __ASSET_JOB - 7cde56c0-624e-44fc-b731-d47e3a7eda45 - 83102 - dbt_formula1_project - ASSET_MATERIALIZATION - Materialized value Dagster_dbt_core top_performing_drivers.
[32m2025-07-03 02:55:30 -0400[0m - dagster - [34mDEBUG[0m - __ASSET_JOB - 7cde56c0-624e-44fc-b731-d47e3a7eda45 - 83102 - dbt_formula1_project - STEP_OUTPUT - Yielded output "Dagster_dbt_core__wins_per_circuit" of type "Nothing". (Type check passed).
[32m2025-07-03 02:55:30 -0400[0m - dagster - [34mDEBUG[0m - __ASSET_JOB - 7cde56c0-624e-44fc-b731-d47e3a7eda45 - 83102 - dbt_formula1_project - ASSET_MATERIALIZATION - Materialized value Dagster_dbt_core wins_per_circuit.
[32m2025-07-03 02:55:31 -0400[0m - dagster - [34mDEBUG[0m - __ASSET_JOB - 7cde56c0-624e-44fc-b731-d47e3a7eda45 - 83102 - dbt_formula1_project - STEP_OUTPUT - Yielded output "Dagster_dbt_core__drivers_consistency" of type "Nothing". (Type check passed).
[32m2025-07-03 02:55:31 -0400[0m - dagster - [34mDEBUG[0m - __ASSET_JOB - 7cde56c0-624e-44fc-b731-d47e3a7eda45 - 83102 - dbt_formula1_project - ASSET_MATERIALIZATION - Materialized value Dagster_dbt_core drivers_consistency.
[32m2025-07-03 02:55:31 -0400[0m - dagster - [34mDEBUG[0m - __ASSET_JOB - 7cde56c0-624e-44fc-b731-d47e3a7eda45 - 83102 - dbt_formula1_project - STEP_OUTPUT - Yielded output "Dagster_dbt_core__reliability_analysis" of type "Nothing". (Type check passed).
[32m2025-07-03 02:55:31 -0400[0m - dagster - [34mDEBUG[0m - __ASSET_JOB - 7cde56c0-624e-44fc-b731-d47e3a7eda45 - 83102 - dbt_formula1_project - ASSET_MATERIALIZATION - Materialized value Dagster_dbt_core reliability_analysis.
[32m2025-07-03 02:55:31 -0400[0m - dagster - [34mINFO[0m - __ASSET_JOB - 7cde56c0-624e-44fc-b731-d47e3a7eda45 - dbt_formula1_project - Finished dbt command: `dbt build --profile formula1_project --target dev --select fqn:*`.
[32m2025-07-03 02:55:31 -0400[0m - dagster - [34mDEBUG[0m - __ASSET_JOB - 7cde56c0-624e-44fc-b731-d47e3a7eda45 - 83102 - dbt_formula1_project - STEP_SUCCESS - Finished execution of step "dbt_formula1_project" in 19.26s.
