[32m2025-06-17 00:22:25 -0400[0m - dagster - [34mDEBUG[0m - __ASSET_JOB - 95d9a0e6-58cd-4f66-b98c-80af7efbb0ba - 66726 - LOGS_CAPTURED - Started capturing logs in process (pid: 66726).
[32m2025-06-17 00:22:25 -0400[0m - dagster - [34mDEBUG[0m - __ASSET_JOB - 95d9a0e6-58cd-4f66-b98c-80af7efbb0ba - 66726 - sling_asset - STEP_START - Started execution of step "sling_asset".
[32m2025-06-17 00:22:25 -0400[0m - dagster - [34mDEBUG[0m - __ASSET_JOB - 95d9a0e6-58cd-4f66-b98c-80af7efbb0ba - sling_asset - Replication config: {'source': 'LOCAL', 'target': 'MySQL_conn', 'defaults': {'mode': 'full-refresh', 'object': 'f1_raw.{stream_file_name}'}, 'streams': {'file:////Users/opeyemifaronbi/Desktop/dagstar/f1db_csv/circuits.csv': {'object': 'f1_raw.circuits', 'columns': {'*': 'string'}, 'source_options': {'format': 'csv'}}, 'file:////Users/opeyemifaronbi/Desktop/dagstar/f1db_csv/status.csv': {'object': 'f1_raw.status', 'columns': {'*': 'string'}, 'source_options': {'format': 'csv'}}, 'file:////Users/opeyemifaronbi/Desktop/dagstar/f1db_csv/lap_times.csv': {'object': 'f1_raw.lap_times', 'columns': {'*': 'string'}, 'source_options': {'format': 'csv'}}, 'file:////Users/opeyemifaronbi/Desktop/dagstar/f1db_csv/sprint_results.csv': {'object': 'f1_raw.sprint_results', 'columns': {'*': 'string'}, 'source_options': {'format': 'csv'}}, 'file:////Users/opeyemifaronbi/Desktop/dagstar/f1db_csv/drivers.csv': {'object': 'f1_raw.drivers', 'columns': {'*': 'string'}, 'source_options': {'format': 'csv'}}, 'file:////Users/opeyemifaronbi/Desktop/dagstar/f1db_csv/races.csv': {'object': 'f1_raw.races', 'columns': {'*': 'string'}, 'source_options': {'format': 'csv'}}, 'file:////Users/opeyemifaronbi/Desktop/dagstar/f1db_csv/constructors.csv': {'object': 'f1_raw.constructors', 'columns': {'*': 'string'}, 'source_options': {'format': 'csv'}}, 'file:////Users/opeyemifaronbi/Desktop/dagstar/f1db_csv/constructor_standings.csv': {'object': 'f1_raw.constructor_standings', 'columns': {'*': 'string'}, 'source_options': {'format': 'csv'}}, 'file:////Users/opeyemifaronbi/Desktop/dagstar/f1db_csv/qualifying.csv': {'object': 'f1_raw.qualifying', 'columns': {'*': 'string'}, 'source_options': {'format': 'csv'}}, 'file:////Users/opeyemifaronbi/Desktop/dagstar/f1db_csv/driver_standings.csv': {'object': 'f1_raw.driver_standings', 'columns': {'*': 'string'}, 'source_options': {'format': 'csv'}}, 'file:////Users/opeyemifaronbi/Desktop/dagstar/f1db_csv/constructor_results.csv': {'object': 'f1_raw.constructor_results', 'columns': {'*': 'string'}, 'source_options': {'format': 'csv'}}, 'file:////Users/opeyemifaronbi/Desktop/dagstar/f1db_csv/pit_stops.csv': {'object': 'f1_raw.pit_stops', 'columns': {'*': 'string'}, 'source_options': {'format': 'csv'}}, 'file:////Users/opeyemifaronbi/Desktop/dagstar/f1db_csv/seasons.csv': {'object': 'f1_raw.seasons', 'columns': {'*': 'string'}, 'source_options': {'format': 'csv'}}, 'file:////Users/opeyemifaronbi/Desktop/dagstar/f1db_csv/results.csv': {'object': 'f1_raw.results', 'columns': {'*': 'string'}, 'source_options': {'format': 'csv'}}}, 'env': {'SLING_SAMPLE_SIZE': 2000, 'SLING_STREAM_URL_COLUMN': True, 'SLING_THREADS': 3}}
[32m2025-06-17 00:22:25 -0400[0m - dagster - [34mDEBUG[0m - __ASSET_JOB - 95d9a0e6-58cd-4f66-b98c-80af7efbb0ba - sling_asset - Running Sling replication with command: /Users/opeyemifaronbi/Desktop/dagstar/.venv/lib/python3.10/site-packages/sling_mac_amd64/bin/sling-mac-amd64 run  -r /var/folders/1w/jy6b27b909b2827nw21d9cmw0000gn/T/sling-replication-3b51d348-4433-4d75-a155-104a1c3564ca.json
[32m2025-06-17 00:23:18 -0400[0m - dagster - [34mDEBUG[0m - __ASSET_JOB - 95d9a0e6-58cd-4f66-b98c-80af7efbb0ba - sling_asset - 12:22AM  Sling CLI | https://slingdata.io

[32m2025-06-17 00:23:18 -0400[0m - dagster - [34mDEBUG[0m - __ASSET_JOB - 95d9a0e6-58cd-4f66-b98c-80af7efbb0ba - sling_asset - 12:22AM WRN invalid or missing token. Please see https://docs.slingdata.io/sling-cli/cli-pro to enable threads and retries

[32m2025-06-17 00:23:18 -0400[0m - dagster - [34mDEBUG[0m - __ASSET_JOB - 95d9a0e6-58cd-4f66-b98c-80af7efbb0ba - sling_asset - 12:22AM  Sling Replication [14 streams] | LOCAL -> MySQL_conn

[32m2025-06-17 00:23:18 -0400[0m - dagster - [34mDEBUG[0m - __ASSET_JOB - 95d9a0e6-58cd-4f66-b98c-80af7efbb0ba - sling_asset - 

[32m2025-06-17 00:23:18 -0400[0m - dagster - [34mDEBUG[0m - __ASSET_JOB - 95d9a0e6-58cd-4f66-b98c-80af7efbb0ba - sling_asset - 12:22AM  [1 / 14] running stream file:////Users/opeyemifaronbi/Desktop/dagstar/f1db_csv/circuits.csv

[32m2025-06-17 00:23:18 -0400[0m - dagster - [34mDEBUG[0m - __ASSET_JOB - 95d9a0e6-58cd-4f66-b98c-80af7efbb0ba - sling_asset - 12:22AM  connecting to target database (mysql)

[32m2025-06-17 00:23:18 -0400[0m - dagster - [34mDEBUG[0m - __ASSET_JOB - 95d9a0e6-58cd-4f66-b98c-80af7efbb0ba - sling_asset - 12:22AM  reading from source file system (file)

[32m2025-06-17 00:23:18 -0400[0m - dagster - [34mDEBUG[0m - __ASSET_JOB - 95d9a0e6-58cd-4f66-b98c-80af7efbb0ba - sling_asset - 12:22AM  writing to target database [mode: full-refresh]

[32m2025-06-17 00:23:18 -0400[0m - dagster - [34mDEBUG[0m - __ASSET_JOB - 95d9a0e6-58cd-4f66-b98c-80af7efbb0ba - sling_asset - 12:22AM  created table `f1_raw`.`circuits_tmp`

[32m2025-06-17 00:23:18 -0400[0m - dagster - [34mDEBUG[0m - __ASSET_JOB - 95d9a0e6-58cd-4f66-b98c-80af7efbb0ba - sling_asset - 12:22AM  streaming data

[32m2025-06-17 00:23:18 -0400[0m - dagster - [34mDEBUG[0m - __ASSET_JOB - 95d9a0e6-58cd-4f66-b98c-80af7efbb0ba - sling_asset - 12:22AM  created table `f1_raw`.`circuits`

[32m2025-06-17 00:23:18 -0400[0m - dagster - [34mDEBUG[0m - __ASSET_JOB - 95d9a0e6-58cd-4f66-b98c-80af7efbb0ba - sling_asset - 12:22AM  inserted 77 rows into `f1_raw`.`circuits` in 0 secs [103 r/s]

[32m2025-06-17 00:23:18 -0400[0m - dagster - [34mDEBUG[0m - __ASSET_JOB - 95d9a0e6-58cd-4f66-b98c-80af7efbb0ba - sling_asset - 12:22AM  execution succeeded

[32m2025-06-17 00:23:18 -0400[0m - dagster - [34mDEBUG[0m - __ASSET_JOB - 95d9a0e6-58cd-4f66-b98c-80af7efbb0ba - sling_asset - 

[32m2025-06-17 00:23:18 -0400[0m - dagster - [34mDEBUG[0m - __ASSET_JOB - 95d9a0e6-58cd-4f66-b98c-80af7efbb0ba - sling_asset - 12:22AM  [2 / 14] running stream file:////Users/opeyemifaronbi/Desktop/dagstar/f1db_csv/status.csv

[32m2025-06-17 00:23:18 -0400[0m - dagster - [34mDEBUG[0m - __ASSET_JOB - 95d9a0e6-58cd-4f66-b98c-80af7efbb0ba - sling_asset - 12:22AM  connecting to target database (mysql)

[32m2025-06-17 00:23:18 -0400[0m - dagster - [34mDEBUG[0m - __ASSET_JOB - 95d9a0e6-58cd-4f66-b98c-80af7efbb0ba - sling_asset - 12:22AM  reading from source file system (file)

[32m2025-06-17 00:23:18 -0400[0m - dagster - [34mDEBUG[0m - __ASSET_JOB - 95d9a0e6-58cd-4f66-b98c-80af7efbb0ba - sling_asset - 12:22AM  writing to target database [mode: full-refresh]

[32m2025-06-17 00:23:18 -0400[0m - dagster - [34mDEBUG[0m - __ASSET_JOB - 95d9a0e6-58cd-4f66-b98c-80af7efbb0ba - sling_asset - 12:22AM  created table `f1_raw`.`status_tmp`

[32m2025-06-17 00:23:18 -0400[0m - dagster - [34mDEBUG[0m - __ASSET_JOB - 95d9a0e6-58cd-4f66-b98c-80af7efbb0ba - sling_asset - 12:22AM  streaming data

[32m2025-06-17 00:23:18 -0400[0m - dagster - [34mDEBUG[0m - __ASSET_JOB - 95d9a0e6-58cd-4f66-b98c-80af7efbb0ba - sling_asset - 12:22AM  created table `f1_raw`.`status`

[32m2025-06-17 00:23:18 -0400[0m - dagster - [34mDEBUG[0m - __ASSET_JOB - 95d9a0e6-58cd-4f66-b98c-80af7efbb0ba - sling_asset - 12:22AM  inserted 139 rows into `f1_raw`.`status` in 0 secs [757 r/s]

[32m2025-06-17 00:23:18 -0400[0m - dagster - [34mDEBUG[0m - __ASSET_JOB - 95d9a0e6-58cd-4f66-b98c-80af7efbb0ba - sling_asset - 12:22AM  execution succeeded

[32m2025-06-17 00:23:18 -0400[0m - dagster - [34mDEBUG[0m - __ASSET_JOB - 95d9a0e6-58cd-4f66-b98c-80af7efbb0ba - sling_asset - 

[32m2025-06-17 00:23:18 -0400[0m - dagster - [34mDEBUG[0m - __ASSET_JOB - 95d9a0e6-58cd-4f66-b98c-80af7efbb0ba - sling_asset - 12:22AM  [3 / 14] running stream file:////Users/opeyemifaronbi/Desktop/dagstar/f1db_csv/lap_times.csv

[32m2025-06-17 00:23:18 -0400[0m - dagster - [34mDEBUG[0m - __ASSET_JOB - 95d9a0e6-58cd-4f66-b98c-80af7efbb0ba - sling_asset - 12:22AM  connecting to target database (mysql)

[32m2025-06-17 00:23:18 -0400[0m - dagster - [34mDEBUG[0m - __ASSET_JOB - 95d9a0e6-58cd-4f66-b98c-80af7efbb0ba - sling_asset - 12:22AM  reading from source file system (file)

[32m2025-06-17 00:23:18 -0400[0m - dagster - [34mDEBUG[0m - __ASSET_JOB - 95d9a0e6-58cd-4f66-b98c-80af7efbb0ba - sling_asset - 12:22AM  writing to target database [mode: full-refresh]

[32m2025-06-17 00:23:18 -0400[0m - dagster - [34mDEBUG[0m - __ASSET_JOB - 95d9a0e6-58cd-4f66-b98c-80af7efbb0ba - sling_asset - 12:22AM  created table `f1_raw`.`lap_times_tmp`

[32m2025-06-17 00:23:18 -0400[0m - dagster - [34mDEBUG[0m - __ASSET_JOB - 95d9a0e6-58cd-4f66-b98c-80af7efbb0ba - sling_asset - 12:22AM  streaming data

[32m2025-06-17 00:23:18 -0400[0m - dagster - [34mDEBUG[0m - __ASSET_JOB - 95d9a0e6-58cd-4f66-b98c-80af7efbb0ba - sling_asset - 1s 15,000 ? p/s 2.0 MB 2s 30,250 15707 r/s 4.0 MB 3s 49,500 15936 r/s 6.5 MB 4s 68,250 16118 r/s 9.0 MB 5s 89,500 16448 r/s 12 MB 6s 107,250 16532 r/s 14 MB 7s 126,000 16676 r/s 17 MB 8s 143,500 16729 r/s 19 MB 9s 163,250 16924 r/s 22 MB 10s 183,250 17122 r/s 24 MB 11s 200,500 17130 r/s 26 MB 12s 220,500 17316 r/s 29 MB 13s 240,250 17473 r/s 32 MB 14s 259,500 17587 r/s 34 MB 15s 279,500 17743 r/s 37 MB 16s 298,750 17840 r/s 39 MB 17s 319,000 17996 r/s 42 MB 18s 338,773 18110 r/s 44 MB 19s 358,000 18183 r/s 47 MB 20s 378,077 18304 r/s 50 MB 21s 397,500 18377 r/s 52 MB 22s 417,750 18473 r/s 55 MB 23s 437,250 18564 r/s 58 MB 24s 457,500 18673 r/s 60 MB 25s 477,000 18726 r/s 63 MB 26s 496,500 18776 r/s 65 MB 27s 516,000 18823 r/s 68 MB 28s 535,250 18850 r/s 70 MB 29s 552,750 18763 r/s 73 MB 30s 569,065 18605 r/s 75 MB 30s 585,500 19640 r/s 77 MB 12:23AM  created table `f1_raw`.`lap_times`

[32m2025-06-17 00:23:18 -0400[0m - dagster - [34mDEBUG[0m - __ASSET_JOB - 95d9a0e6-58cd-4f66-b98c-80af7efbb0ba - sling_asset - 12:23AM  inserted 589081 rows into `f1_raw`.`lap_times` in 37 secs [15,672 r/s]

[32m2025-06-17 00:23:18 -0400[0m - dagster - [34mDEBUG[0m - __ASSET_JOB - 95d9a0e6-58cd-4f66-b98c-80af7efbb0ba - sling_asset - 12:23AM  execution succeeded

[32m2025-06-17 00:23:18 -0400[0m - dagster - [34mDEBUG[0m - __ASSET_JOB - 95d9a0e6-58cd-4f66-b98c-80af7efbb0ba - sling_asset - 

[32m2025-06-17 00:23:18 -0400[0m - dagster - [34mDEBUG[0m - __ASSET_JOB - 95d9a0e6-58cd-4f66-b98c-80af7efbb0ba - sling_asset - 12:23AM  [4 / 14] running stream file:////Users/opeyemifaronbi/Desktop/dagstar/f1db_csv/sprint_results.csv

[32m2025-06-17 00:23:18 -0400[0m - dagster - [34mDEBUG[0m - __ASSET_JOB - 95d9a0e6-58cd-4f66-b98c-80af7efbb0ba - sling_asset - 12:23AM  connecting to target database (mysql)

[32m2025-06-17 00:23:18 -0400[0m - dagster - [34mDEBUG[0m - __ASSET_JOB - 95d9a0e6-58cd-4f66-b98c-80af7efbb0ba - sling_asset - 12:23AM  reading from source file system (file)

[32m2025-06-17 00:23:18 -0400[0m - dagster - [34mDEBUG[0m - __ASSET_JOB - 95d9a0e6-58cd-4f66-b98c-80af7efbb0ba - sling_asset - 12:23AM  writing to target database [mode: full-refresh]

[32m2025-06-17 00:23:18 -0400[0m - dagster - [34mDEBUG[0m - __ASSET_JOB - 95d9a0e6-58cd-4f66-b98c-80af7efbb0ba - sling_asset - 12:23AM  created table `f1_raw`.`sprint_results_tmp`

[32m2025-06-17 00:23:18 -0400[0m - dagster - [34mDEBUG[0m - __ASSET_JOB - 95d9a0e6-58cd-4f66-b98c-80af7efbb0ba - sling_asset - 12:23AM  streaming data

[32m2025-06-17 00:23:18 -0400[0m - dagster - [34mDEBUG[0m - __ASSET_JOB - 95d9a0e6-58cd-4f66-b98c-80af7efbb0ba - sling_asset - 12:23AM  created table `f1_raw`.`sprint_results`

[32m2025-06-17 00:23:18 -0400[0m - dagster - [34mDEBUG[0m - __ASSET_JOB - 95d9a0e6-58cd-4f66-b98c-80af7efbb0ba - sling_asset - 12:23AM  inserted 360 rows into `f1_raw`.`sprint_results` in 0 secs [2,147 r/s]

[32m2025-06-17 00:23:18 -0400[0m - dagster - [34mDEBUG[0m - __ASSET_JOB - 95d9a0e6-58cd-4f66-b98c-80af7efbb0ba - sling_asset - 12:23AM  execution succeeded

[32m2025-06-17 00:23:18 -0400[0m - dagster - [34mDEBUG[0m - __ASSET_JOB - 95d9a0e6-58cd-4f66-b98c-80af7efbb0ba - sling_asset - 

[32m2025-06-17 00:23:18 -0400[0m - dagster - [34mDEBUG[0m - __ASSET_JOB - 95d9a0e6-58cd-4f66-b98c-80af7efbb0ba - sling_asset - 12:23AM  [5 / 14] running stream file:////Users/opeyemifaronbi/Desktop/dagstar/f1db_csv/drivers.csv

[32m2025-06-17 00:23:18 -0400[0m - dagster - [34mDEBUG[0m - __ASSET_JOB - 95d9a0e6-58cd-4f66-b98c-80af7efbb0ba - sling_asset - 12:23AM  connecting to target database (mysql)

[32m2025-06-17 00:23:18 -0400[0m - dagster - [34mDEBUG[0m - __ASSET_JOB - 95d9a0e6-58cd-4f66-b98c-80af7efbb0ba - sling_asset - 12:23AM  reading from source file system (file)

[32m2025-06-17 00:23:18 -0400[0m - dagster - [34mDEBUG[0m - __ASSET_JOB - 95d9a0e6-58cd-4f66-b98c-80af7efbb0ba - sling_asset - 12:23AM  writing to target database [mode: full-refresh]

[32m2025-06-17 00:23:18 -0400[0m - dagster - [34mDEBUG[0m - __ASSET_JOB - 95d9a0e6-58cd-4f66-b98c-80af7efbb0ba - sling_asset - 12:23AM  created table `f1_raw`.`drivers_tmp`

[32m2025-06-17 00:23:18 -0400[0m - dagster - [34mDEBUG[0m - __ASSET_JOB - 95d9a0e6-58cd-4f66-b98c-80af7efbb0ba - sling_asset - 12:23AM  streaming data

[32m2025-06-17 00:23:18 -0400[0m - dagster - [34mDEBUG[0m - __ASSET_JOB - 95d9a0e6-58cd-4f66-b98c-80af7efbb0ba - sling_asset - 12:23AM  created table `f1_raw`.`drivers`

[32m2025-06-17 00:23:18 -0400[0m - dagster - [34mDEBUG[0m - __ASSET_JOB - 95d9a0e6-58cd-4f66-b98c-80af7efbb0ba - sling_asset - 12:23AM  inserted 861 rows into `f1_raw`.`drivers` in 0 secs [4,735 r/s]

[32m2025-06-17 00:23:18 -0400[0m - dagster - [34mDEBUG[0m - __ASSET_JOB - 95d9a0e6-58cd-4f66-b98c-80af7efbb0ba - sling_asset - 12:23AM  execution succeeded

[32m2025-06-17 00:23:18 -0400[0m - dagster - [34mDEBUG[0m - __ASSET_JOB - 95d9a0e6-58cd-4f66-b98c-80af7efbb0ba - sling_asset - 

[32m2025-06-17 00:23:18 -0400[0m - dagster - [34mDEBUG[0m - __ASSET_JOB - 95d9a0e6-58cd-4f66-b98c-80af7efbb0ba - sling_asset - 12:23AM  [6 / 14] running stream file:////Users/opeyemifaronbi/Desktop/dagstar/f1db_csv/races.csv

[32m2025-06-17 00:23:18 -0400[0m - dagster - [34mDEBUG[0m - __ASSET_JOB - 95d9a0e6-58cd-4f66-b98c-80af7efbb0ba - sling_asset - 12:23AM  connecting to target database (mysql)

[32m2025-06-17 00:23:18 -0400[0m - dagster - [34mDEBUG[0m - __ASSET_JOB - 95d9a0e6-58cd-4f66-b98c-80af7efbb0ba - sling_asset - 12:23AM  reading from source file system (file)

[32m2025-06-17 00:23:18 -0400[0m - dagster - [34mDEBUG[0m - __ASSET_JOB - 95d9a0e6-58cd-4f66-b98c-80af7efbb0ba - sling_asset - 12:23AM  writing to target database [mode: full-refresh]

[32m2025-06-17 00:23:18 -0400[0m - dagster - [34mDEBUG[0m - __ASSET_JOB - 95d9a0e6-58cd-4f66-b98c-80af7efbb0ba - sling_asset - 12:23AM  created table `f1_raw`.`races_tmp`

[32m2025-06-17 00:23:18 -0400[0m - dagster - [34mDEBUG[0m - __ASSET_JOB - 95d9a0e6-58cd-4f66-b98c-80af7efbb0ba - sling_asset - 12:23AM  streaming data

[32m2025-06-17 00:23:18 -0400[0m - dagster - [34mDEBUG[0m - __ASSET_JOB - 95d9a0e6-58cd-4f66-b98c-80af7efbb0ba - sling_asset - 12:23AM  created table `f1_raw`.`races`

[32m2025-06-17 00:23:18 -0400[0m - dagster - [34mDEBUG[0m - __ASSET_JOB - 95d9a0e6-58cd-4f66-b98c-80af7efbb0ba - sling_asset - 12:23AM  inserted 1125 rows into `f1_raw`.`races` in 0 secs [3,977 r/s]

[32m2025-06-17 00:23:18 -0400[0m - dagster - [34mDEBUG[0m - __ASSET_JOB - 95d9a0e6-58cd-4f66-b98c-80af7efbb0ba - sling_asset - 12:23AM  execution succeeded

[32m2025-06-17 00:23:18 -0400[0m - dagster - [34mDEBUG[0m - __ASSET_JOB - 95d9a0e6-58cd-4f66-b98c-80af7efbb0ba - sling_asset - 

[32m2025-06-17 00:23:18 -0400[0m - dagster - [34mDEBUG[0m - __ASSET_JOB - 95d9a0e6-58cd-4f66-b98c-80af7efbb0ba - sling_asset - 12:23AM  [7 / 14] running stream file:////Users/opeyemifaronbi/Desktop/dagstar/f1db_csv/constructors.csv

[32m2025-06-17 00:23:18 -0400[0m - dagster - [34mDEBUG[0m - __ASSET_JOB - 95d9a0e6-58cd-4f66-b98c-80af7efbb0ba - sling_asset - 12:23AM  connecting to target database (mysql)

[32m2025-06-17 00:23:19 -0400[0m - dagster - [34mDEBUG[0m - __ASSET_JOB - 95d9a0e6-58cd-4f66-b98c-80af7efbb0ba - sling_asset - 12:23AM  reading from source file system (file)

[32m2025-06-17 00:23:19 -0400[0m - dagster - [34mDEBUG[0m - __ASSET_JOB - 95d9a0e6-58cd-4f66-b98c-80af7efbb0ba - sling_asset - 12:23AM  writing to target database [mode: full-refresh]

[32m2025-06-17 00:23:19 -0400[0m - dagster - [34mDEBUG[0m - __ASSET_JOB - 95d9a0e6-58cd-4f66-b98c-80af7efbb0ba - sling_asset - 12:23AM  created table `f1_raw`.`constructors_tmp`

[32m2025-06-17 00:23:19 -0400[0m - dagster - [34mDEBUG[0m - __ASSET_JOB - 95d9a0e6-58cd-4f66-b98c-80af7efbb0ba - sling_asset - 12:23AM  streaming data

[32m2025-06-17 00:23:19 -0400[0m - dagster - [34mDEBUG[0m - __ASSET_JOB - 95d9a0e6-58cd-4f66-b98c-80af7efbb0ba - sling_asset - 12:23AM  created table `f1_raw`.`constructors`

[32m2025-06-17 00:23:19 -0400[0m - dagster - [34mDEBUG[0m - __ASSET_JOB - 95d9a0e6-58cd-4f66-b98c-80af7efbb0ba - sling_asset - 12:23AM  inserted 212 rows into `f1_raw`.`constructors` in 0 secs [1,409 r/s]

[32m2025-06-17 00:23:19 -0400[0m - dagster - [34mDEBUG[0m - __ASSET_JOB - 95d9a0e6-58cd-4f66-b98c-80af7efbb0ba - sling_asset - 12:23AM  execution succeeded

[32m2025-06-17 00:23:19 -0400[0m - dagster - [34mDEBUG[0m - __ASSET_JOB - 95d9a0e6-58cd-4f66-b98c-80af7efbb0ba - sling_asset - 

[32m2025-06-17 00:23:19 -0400[0m - dagster - [34mDEBUG[0m - __ASSET_JOB - 95d9a0e6-58cd-4f66-b98c-80af7efbb0ba - sling_asset - 12:23AM  [8 / 14] running stream file:////Users/opeyemifaronbi/Desktop/dagstar/f1db_csv/constructor_standings.csv

[32m2025-06-17 00:23:19 -0400[0m - dagster - [34mDEBUG[0m - __ASSET_JOB - 95d9a0e6-58cd-4f66-b98c-80af7efbb0ba - sling_asset - 12:23AM  connecting to target database (mysql)

[32m2025-06-17 00:23:19 -0400[0m - dagster - [34mDEBUG[0m - __ASSET_JOB - 95d9a0e6-58cd-4f66-b98c-80af7efbb0ba - sling_asset - 12:23AM  reading from source file system (file)

[32m2025-06-17 00:23:19 -0400[0m - dagster - [34mDEBUG[0m - __ASSET_JOB - 95d9a0e6-58cd-4f66-b98c-80af7efbb0ba - sling_asset - 12:23AM  writing to target database [mode: full-refresh]

[32m2025-06-17 00:23:19 -0400[0m - dagster - [34mDEBUG[0m - __ASSET_JOB - 95d9a0e6-58cd-4f66-b98c-80af7efbb0ba - sling_asset - 12:23AM  created table `f1_raw`.`constructor_standings_tmp`

[32m2025-06-17 00:23:19 -0400[0m - dagster - [34mDEBUG[0m - __ASSET_JOB - 95d9a0e6-58cd-4f66-b98c-80af7efbb0ba - sling_asset - 12:23AM  streaming data

[32m2025-06-17 00:23:19 -0400[0m - dagster - [34mDEBUG[0m - __ASSET_JOB - 95d9a0e6-58cd-4f66-b98c-80af7efbb0ba - sling_asset - 12:23AM  created table `f1_raw`.`constructor_standings`

[32m2025-06-17 00:23:19 -0400[0m - dagster - [34mDEBUG[0m - __ASSET_JOB - 95d9a0e6-58cd-4f66-b98c-80af7efbb0ba - sling_asset - 12:23AM  inserted 13391 rows into `f1_raw`.`constructor_standings` in 1 secs [12,966 r/s]

[32m2025-06-17 00:23:19 -0400[0m - dagster - [34mDEBUG[0m - __ASSET_JOB - 95d9a0e6-58cd-4f66-b98c-80af7efbb0ba - sling_asset - 12:23AM  execution succeeded

[32m2025-06-17 00:23:19 -0400[0m - dagster - [34mDEBUG[0m - __ASSET_JOB - 95d9a0e6-58cd-4f66-b98c-80af7efbb0ba - sling_asset - 

[32m2025-06-17 00:23:19 -0400[0m - dagster - [34mDEBUG[0m - __ASSET_JOB - 95d9a0e6-58cd-4f66-b98c-80af7efbb0ba - sling_asset - 12:23AM  [9 / 14] running stream file:////Users/opeyemifaronbi/Desktop/dagstar/f1db_csv/qualifying.csv

[32m2025-06-17 00:23:19 -0400[0m - dagster - [34mDEBUG[0m - __ASSET_JOB - 95d9a0e6-58cd-4f66-b98c-80af7efbb0ba - sling_asset - 12:23AM  connecting to target database (mysql)

[32m2025-06-17 00:23:19 -0400[0m - dagster - [34mDEBUG[0m - __ASSET_JOB - 95d9a0e6-58cd-4f66-b98c-80af7efbb0ba - sling_asset - 12:23AM  reading from source file system (file)

[32m2025-06-17 00:23:19 -0400[0m - dagster - [34mDEBUG[0m - __ASSET_JOB - 95d9a0e6-58cd-4f66-b98c-80af7efbb0ba - sling_asset - 12:23AM  writing to target database [mode: full-refresh]

[32m2025-06-17 00:23:19 -0400[0m - dagster - [34mDEBUG[0m - __ASSET_JOB - 95d9a0e6-58cd-4f66-b98c-80af7efbb0ba - sling_asset - 12:23AM  created table `f1_raw`.`qualifying_tmp`

[32m2025-06-17 00:23:19 -0400[0m - dagster - [34mDEBUG[0m - __ASSET_JOB - 95d9a0e6-58cd-4f66-b98c-80af7efbb0ba - sling_asset - 12:23AM  streaming data

[32m2025-06-17 00:23:19 -0400[0m - dagster - [34mDEBUG[0m - __ASSET_JOB - 95d9a0e6-58cd-4f66-b98c-80af7efbb0ba - sling_asset - 12:23AM  created table `f1_raw`.`qualifying`

[32m2025-06-17 00:23:19 -0400[0m - dagster - [34mDEBUG[0m - __ASSET_JOB - 95d9a0e6-58cd-4f66-b98c-80af7efbb0ba - sling_asset - 12:23AM  inserted 10494 rows into `f1_raw`.`qualifying` in 0 secs [10,744 r/s]

[32m2025-06-17 00:23:19 -0400[0m - dagster - [34mDEBUG[0m - __ASSET_JOB - 95d9a0e6-58cd-4f66-b98c-80af7efbb0ba - sling_asset - 12:23AM  execution succeeded

[32m2025-06-17 00:23:19 -0400[0m - dagster - [34mDEBUG[0m - __ASSET_JOB - 95d9a0e6-58cd-4f66-b98c-80af7efbb0ba - sling_asset - 

[32m2025-06-17 00:23:19 -0400[0m - dagster - [34mDEBUG[0m - __ASSET_JOB - 95d9a0e6-58cd-4f66-b98c-80af7efbb0ba - sling_asset - 12:23AM  [10 / 14] running stream file:////Users/opeyemifaronbi/Desktop/dagstar/f1db_csv/driver_standings.csv

[32m2025-06-17 00:23:19 -0400[0m - dagster - [34mDEBUG[0m - __ASSET_JOB - 95d9a0e6-58cd-4f66-b98c-80af7efbb0ba - sling_asset - 12:23AM  connecting to target database (mysql)

[32m2025-06-17 00:23:19 -0400[0m - dagster - [34mDEBUG[0m - __ASSET_JOB - 95d9a0e6-58cd-4f66-b98c-80af7efbb0ba - sling_asset - 12:23AM  reading from source file system (file)

[32m2025-06-17 00:23:19 -0400[0m - dagster - [34mDEBUG[0m - __ASSET_JOB - 95d9a0e6-58cd-4f66-b98c-80af7efbb0ba - sling_asset - 12:23AM  writing to target database [mode: full-refresh]

[32m2025-06-17 00:23:19 -0400[0m - dagster - [34mDEBUG[0m - __ASSET_JOB - 95d9a0e6-58cd-4f66-b98c-80af7efbb0ba - sling_asset - 12:23AM  created table `f1_raw`.`driver_standings_tmp`

[32m2025-06-17 00:23:19 -0400[0m - dagster - [34mDEBUG[0m - __ASSET_JOB - 95d9a0e6-58cd-4f66-b98c-80af7efbb0ba - sling_asset - 12:23AM  streaming data

[32m2025-06-17 00:23:19 -0400[0m - dagster - [34mDEBUG[0m - __ASSET_JOB - 95d9a0e6-58cd-4f66-b98c-80af7efbb0ba - sling_asset - 1s 15,762 ? p/s 2.1 MB 1s 33,545 353895 r/s 4.5 MB 12:23AM  created table `f1_raw`.`driver_standings`

[32m2025-06-17 00:23:19 -0400[0m - dagster - [34mDEBUG[0m - __ASSET_JOB - 95d9a0e6-58cd-4f66-b98c-80af7efbb0ba - sling_asset - 12:23AM  inserted 34863 rows into `f1_raw`.`driver_standings` in 2 secs [14,218 r/s]

[32m2025-06-17 00:23:19 -0400[0m - dagster - [34mDEBUG[0m - __ASSET_JOB - 95d9a0e6-58cd-4f66-b98c-80af7efbb0ba - sling_asset - 12:23AM  execution succeeded

[32m2025-06-17 00:23:19 -0400[0m - dagster - [34mDEBUG[0m - __ASSET_JOB - 95d9a0e6-58cd-4f66-b98c-80af7efbb0ba - sling_asset - 

[32m2025-06-17 00:23:19 -0400[0m - dagster - [34mDEBUG[0m - __ASSET_JOB - 95d9a0e6-58cd-4f66-b98c-80af7efbb0ba - sling_asset - 12:23AM  [11 / 14] running stream file:////Users/opeyemifaronbi/Desktop/dagstar/f1db_csv/constructor_results.csv

[32m2025-06-17 00:23:19 -0400[0m - dagster - [34mDEBUG[0m - __ASSET_JOB - 95d9a0e6-58cd-4f66-b98c-80af7efbb0ba - sling_asset - 12:23AM  connecting to target database (mysql)

[32m2025-06-17 00:23:19 -0400[0m - dagster - [34mDEBUG[0m - __ASSET_JOB - 95d9a0e6-58cd-4f66-b98c-80af7efbb0ba - sling_asset - 12:23AM  reading from source file system (file)

[32m2025-06-17 00:23:19 -0400[0m - dagster - [34mDEBUG[0m - __ASSET_JOB - 95d9a0e6-58cd-4f66-b98c-80af7efbb0ba - sling_asset - 12:23AM  writing to target database [mode: full-refresh]

[32m2025-06-17 00:23:19 -0400[0m - dagster - [34mDEBUG[0m - __ASSET_JOB - 95d9a0e6-58cd-4f66-b98c-80af7efbb0ba - sling_asset - 12:23AM  created table `f1_raw`.`constructor_results_tmp`

[32m2025-06-17 00:23:19 -0400[0m - dagster - [34mDEBUG[0m - __ASSET_JOB - 95d9a0e6-58cd-4f66-b98c-80af7efbb0ba - sling_asset - 12:23AM  streaming data

[32m2025-06-17 00:23:19 -0400[0m - dagster - [34mDEBUG[0m - __ASSET_JOB - 95d9a0e6-58cd-4f66-b98c-80af7efbb0ba - sling_asset - 12:23AM  created table `f1_raw`.`constructor_results`

[32m2025-06-17 00:23:19 -0400[0m - dagster - [34mDEBUG[0m - __ASSET_JOB - 95d9a0e6-58cd-4f66-b98c-80af7efbb0ba - sling_asset - 12:23AM  inserted 12625 rows into `f1_raw`.`constructor_results` in 0 secs [14,975 r/s]

[32m2025-06-17 00:23:19 -0400[0m - dagster - [34mDEBUG[0m - __ASSET_JOB - 95d9a0e6-58cd-4f66-b98c-80af7efbb0ba - sling_asset - 12:23AM  execution succeeded

[32m2025-06-17 00:23:19 -0400[0m - dagster - [34mDEBUG[0m - __ASSET_JOB - 95d9a0e6-58cd-4f66-b98c-80af7efbb0ba - sling_asset - 

[32m2025-06-17 00:23:19 -0400[0m - dagster - [34mDEBUG[0m - __ASSET_JOB - 95d9a0e6-58cd-4f66-b98c-80af7efbb0ba - sling_asset - 12:23AM  [12 / 14] running stream file:////Users/opeyemifaronbi/Desktop/dagstar/f1db_csv/pit_stops.csv

[32m2025-06-17 00:23:19 -0400[0m - dagster - [34mDEBUG[0m - __ASSET_JOB - 95d9a0e6-58cd-4f66-b98c-80af7efbb0ba - sling_asset - 12:23AM  connecting to target database (mysql)

[32m2025-06-17 00:23:19 -0400[0m - dagster - [34mDEBUG[0m - __ASSET_JOB - 95d9a0e6-58cd-4f66-b98c-80af7efbb0ba - sling_asset - 12:23AM  reading from source file system (file)

[32m2025-06-17 00:23:19 -0400[0m - dagster - [34mDEBUG[0m - __ASSET_JOB - 95d9a0e6-58cd-4f66-b98c-80af7efbb0ba - sling_asset - 12:23AM  writing to target database [mode: full-refresh]

[32m2025-06-17 00:23:19 -0400[0m - dagster - [34mDEBUG[0m - __ASSET_JOB - 95d9a0e6-58cd-4f66-b98c-80af7efbb0ba - sling_asset - 12:23AM  created table `f1_raw`.`pit_stops_tmp`

[32m2025-06-17 00:23:19 -0400[0m - dagster - [34mDEBUG[0m - __ASSET_JOB - 95d9a0e6-58cd-4f66-b98c-80af7efbb0ba - sling_asset - 12:23AM  streaming data

[32m2025-06-17 00:23:19 -0400[0m - dagster - [34mDEBUG[0m - __ASSET_JOB - 95d9a0e6-58cd-4f66-b98c-80af7efbb0ba - sling_asset - 12:23AM  created table `f1_raw`.`pit_stops`

[32m2025-06-17 00:23:19 -0400[0m - dagster - [34mDEBUG[0m - __ASSET_JOB - 95d9a0e6-58cd-4f66-b98c-80af7efbb0ba - sling_asset - 12:23AM  inserted 11371 rows into `f1_raw`.`pit_stops` in 0 secs [12,215 r/s]

[32m2025-06-17 00:23:19 -0400[0m - dagster - [34mDEBUG[0m - __ASSET_JOB - 95d9a0e6-58cd-4f66-b98c-80af7efbb0ba - sling_asset - 12:23AM  execution succeeded

[32m2025-06-17 00:23:19 -0400[0m - dagster - [34mDEBUG[0m - __ASSET_JOB - 95d9a0e6-58cd-4f66-b98c-80af7efbb0ba - sling_asset - 

[32m2025-06-17 00:23:19 -0400[0m - dagster - [34mDEBUG[0m - __ASSET_JOB - 95d9a0e6-58cd-4f66-b98c-80af7efbb0ba - sling_asset - 12:23AM  [13 / 14] running stream file:////Users/opeyemifaronbi/Desktop/dagstar/f1db_csv/seasons.csv

[32m2025-06-17 00:23:19 -0400[0m - dagster - [34mDEBUG[0m - __ASSET_JOB - 95d9a0e6-58cd-4f66-b98c-80af7efbb0ba - sling_asset - 12:23AM  connecting to target database (mysql)

[32m2025-06-17 00:23:19 -0400[0m - dagster - [34mDEBUG[0m - __ASSET_JOB - 95d9a0e6-58cd-4f66-b98c-80af7efbb0ba - sling_asset - 12:23AM  reading from source file system (file)

[32m2025-06-17 00:23:19 -0400[0m - dagster - [34mDEBUG[0m - __ASSET_JOB - 95d9a0e6-58cd-4f66-b98c-80af7efbb0ba - sling_asset - 12:23AM  writing to target database [mode: full-refresh]

[32m2025-06-17 00:23:19 -0400[0m - dagster - [34mDEBUG[0m - __ASSET_JOB - 95d9a0e6-58cd-4f66-b98c-80af7efbb0ba - sling_asset - 12:23AM  created table `f1_raw`.`seasons_tmp`

[32m2025-06-17 00:23:19 -0400[0m - dagster - [34mDEBUG[0m - __ASSET_JOB - 95d9a0e6-58cd-4f66-b98c-80af7efbb0ba - sling_asset - 12:23AM  streaming data

[32m2025-06-17 00:23:19 -0400[0m - dagster - [34mDEBUG[0m - __ASSET_JOB - 95d9a0e6-58cd-4f66-b98c-80af7efbb0ba - sling_asset - 12:23AM  created table `f1_raw`.`seasons`

[32m2025-06-17 00:23:19 -0400[0m - dagster - [34mDEBUG[0m - __ASSET_JOB - 95d9a0e6-58cd-4f66-b98c-80af7efbb0ba - sling_asset - 12:23AM  inserted 75 rows into `f1_raw`.`seasons` in 0 secs [851 r/s]

[32m2025-06-17 00:23:19 -0400[0m - dagster - [34mDEBUG[0m - __ASSET_JOB - 95d9a0e6-58cd-4f66-b98c-80af7efbb0ba - sling_asset - 12:23AM  execution succeeded

[32m2025-06-17 00:23:19 -0400[0m - dagster - [34mDEBUG[0m - __ASSET_JOB - 95d9a0e6-58cd-4f66-b98c-80af7efbb0ba - sling_asset - 

[32m2025-06-17 00:23:19 -0400[0m - dagster - [34mDEBUG[0m - __ASSET_JOB - 95d9a0e6-58cd-4f66-b98c-80af7efbb0ba - sling_asset - 12:23AM  [14 / 14] running stream file:////Users/opeyemifaronbi/Desktop/dagstar/f1db_csv/results.csv

[32m2025-06-17 00:23:19 -0400[0m - dagster - [34mDEBUG[0m - __ASSET_JOB - 95d9a0e6-58cd-4f66-b98c-80af7efbb0ba - sling_asset - 12:23AM  connecting to target database (mysql)

[32m2025-06-17 00:23:19 -0400[0m - dagster - [34mDEBUG[0m - __ASSET_JOB - 95d9a0e6-58cd-4f66-b98c-80af7efbb0ba - sling_asset - 12:23AM  reading from source file system (file)

[32m2025-06-17 00:23:19 -0400[0m - dagster - [34mDEBUG[0m - __ASSET_JOB - 95d9a0e6-58cd-4f66-b98c-80af7efbb0ba - sling_asset - 12:23AM  writing to target database [mode: full-refresh]

[32m2025-06-17 00:23:19 -0400[0m - dagster - [34mDEBUG[0m - __ASSET_JOB - 95d9a0e6-58cd-4f66-b98c-80af7efbb0ba - sling_asset - 12:23AM  created table `f1_raw`.`results_tmp`

[32m2025-06-17 00:23:19 -0400[0m - dagster - [34mDEBUG[0m - __ASSET_JOB - 95d9a0e6-58cd-4f66-b98c-80af7efbb0ba - sling_asset - 12:23AM  streaming data

[32m2025-06-17 00:23:19 -0400[0m - dagster - [34mDEBUG[0m - __ASSET_JOB - 95d9a0e6-58cd-4f66-b98c-80af7efbb0ba - sling_asset - 1s 8,400 ? p/s 1.3 MB 2s 17,000 8602 r/s 2.7 MB 3s 25,700 22471 r/s 4.1 MB 12:23AM  created table `f1_raw`.`results`

[32m2025-06-17 00:23:19 -0400[0m - dagster - [34mDEBUG[0m - __ASSET_JOB - 95d9a0e6-58cd-4f66-b98c-80af7efbb0ba - sling_asset - 12:23AM  inserted 26759 rows into `f1_raw`.`results` in 3 secs [7,598 r/s]

[32m2025-06-17 00:23:19 -0400[0m - dagster - [34mDEBUG[0m - __ASSET_JOB - 95d9a0e6-58cd-4f66-b98c-80af7efbb0ba - sling_asset - 12:23AM  execution succeeded

[32m2025-06-17 00:23:19 -0400[0m - dagster - [34mDEBUG[0m - __ASSET_JOB - 95d9a0e6-58cd-4f66-b98c-80af7efbb0ba - sling_asset - 

[32m2025-06-17 00:23:19 -0400[0m - dagster - [34mDEBUG[0m - __ASSET_JOB - 95d9a0e6-58cd-4f66-b98c-80af7efbb0ba - sling_asset - 12:23AM  Sling Replication Completed in 50s | LOCAL -> MySQL_conn | 14 Successes | 0 Failures

[32m2025-06-17 00:23:19 -0400[0m - dagster - [34mDEBUG[0m - __ASSET_JOB - 95d9a0e6-58cd-4f66-b98c-80af7efbb0ba - sling_asset - 

[32m2025-06-17 00:23:19 -0400[0m - dagster - [34mDEBUG[0m - __ASSET_JOB - 95d9a0e6-58cd-4f66-b98c-80af7efbb0ba - 66726 - sling_asset - STEP_OUTPUT - Yielded output "Formula1_Dataset__circuits" of type "Nothing". (Type check passed).
[32m2025-06-17 00:23:19 -0400[0m - dagster - [34mDEBUG[0m - __ASSET_JOB - 95d9a0e6-58cd-4f66-b98c-80af7efbb0ba - 66726 - sling_asset - ASSET_MATERIALIZATION - Materialized value Formula1_Dataset circuits.
[32m2025-06-17 00:23:19 -0400[0m - dagster - [34mDEBUG[0m - __ASSET_JOB - 95d9a0e6-58cd-4f66-b98c-80af7efbb0ba - 66726 - sling_asset - STEP_OUTPUT - Yielded output "Formula1_Dataset__status" of type "Nothing". (Type check passed).
[32m2025-06-17 00:23:19 -0400[0m - dagster - [34mDEBUG[0m - __ASSET_JOB - 95d9a0e6-58cd-4f66-b98c-80af7efbb0ba - 66726 - sling_asset - ASSET_MATERIALIZATION - Materialized value Formula1_Dataset status.
[32m2025-06-17 00:23:19 -0400[0m - dagster - [34mDEBUG[0m - __ASSET_JOB - 95d9a0e6-58cd-4f66-b98c-80af7efbb0ba - 66726 - sling_asset - STEP_OUTPUT - Yielded output "Formula1_Dataset__lap_times" of type "Nothing". (Type check passed).
[32m2025-06-17 00:23:19 -0400[0m - dagster - [34mDEBUG[0m - __ASSET_JOB - 95d9a0e6-58cd-4f66-b98c-80af7efbb0ba - 66726 - sling_asset - ASSET_MATERIALIZATION - Materialized value Formula1_Dataset lap_times.
[32m2025-06-17 00:23:19 -0400[0m - dagster - [34mDEBUG[0m - __ASSET_JOB - 95d9a0e6-58cd-4f66-b98c-80af7efbb0ba - 66726 - sling_asset - STEP_OUTPUT - Yielded output "Formula1_Dataset__sprint_results" of type "Nothing". (Type check passed).
[32m2025-06-17 00:23:19 -0400[0m - dagster - [34mDEBUG[0m - __ASSET_JOB - 95d9a0e6-58cd-4f66-b98c-80af7efbb0ba - 66726 - sling_asset - ASSET_MATERIALIZATION - Materialized value Formula1_Dataset sprint_results.
[32m2025-06-17 00:23:19 -0400[0m - dagster - [34mDEBUG[0m - __ASSET_JOB - 95d9a0e6-58cd-4f66-b98c-80af7efbb0ba - 66726 - sling_asset - STEP_OUTPUT - Yielded output "Formula1_Dataset__drivers" of type "Nothing". (Type check passed).
[32m2025-06-17 00:23:19 -0400[0m - dagster - [34mDEBUG[0m - __ASSET_JOB - 95d9a0e6-58cd-4f66-b98c-80af7efbb0ba - 66726 - sling_asset - ASSET_MATERIALIZATION - Materialized value Formula1_Dataset drivers.
[32m2025-06-17 00:23:19 -0400[0m - dagster - [34mDEBUG[0m - __ASSET_JOB - 95d9a0e6-58cd-4f66-b98c-80af7efbb0ba - 66726 - sling_asset - STEP_OUTPUT - Yielded output "Formula1_Dataset__races" of type "Nothing". (Type check passed).
[32m2025-06-17 00:23:19 -0400[0m - dagster - [34mDEBUG[0m - __ASSET_JOB - 95d9a0e6-58cd-4f66-b98c-80af7efbb0ba - 66726 - sling_asset - ASSET_MATERIALIZATION - Materialized value Formula1_Dataset races.
[32m2025-06-17 00:23:19 -0400[0m - dagster - [34mDEBUG[0m - __ASSET_JOB - 95d9a0e6-58cd-4f66-b98c-80af7efbb0ba - 66726 - sling_asset - STEP_OUTPUT - Yielded output "Formula1_Dataset__constructors" of type "Nothing". (Type check passed).
[32m2025-06-17 00:23:19 -0400[0m - dagster - [34mDEBUG[0m - __ASSET_JOB - 95d9a0e6-58cd-4f66-b98c-80af7efbb0ba - 66726 - sling_asset - ASSET_MATERIALIZATION - Materialized value Formula1_Dataset constructors.
[32m2025-06-17 00:23:19 -0400[0m - dagster - [34mDEBUG[0m - __ASSET_JOB - 95d9a0e6-58cd-4f66-b98c-80af7efbb0ba - 66726 - sling_asset - STEP_OUTPUT - Yielded output "Formula1_Dataset__constructor_standings" of type "Nothing". (Type check passed).
[32m2025-06-17 00:23:19 -0400[0m - dagster - [34mDEBUG[0m - __ASSET_JOB - 95d9a0e6-58cd-4f66-b98c-80af7efbb0ba - 66726 - sling_asset - ASSET_MATERIALIZATION - Materialized value Formula1_Dataset constructor_standings.
[32m2025-06-17 00:23:19 -0400[0m - dagster - [34mDEBUG[0m - __ASSET_JOB - 95d9a0e6-58cd-4f66-b98c-80af7efbb0ba - 66726 - sling_asset - STEP_OUTPUT - Yielded output "Formula1_Dataset__qualifying" of type "Nothing". (Type check passed).
[32m2025-06-17 00:23:19 -0400[0m - dagster - [34mDEBUG[0m - __ASSET_JOB - 95d9a0e6-58cd-4f66-b98c-80af7efbb0ba - 66726 - sling_asset - ASSET_MATERIALIZATION - Materialized value Formula1_Dataset qualifying.
[32m2025-06-17 00:23:19 -0400[0m - dagster - [34mDEBUG[0m - __ASSET_JOB - 95d9a0e6-58cd-4f66-b98c-80af7efbb0ba - 66726 - sling_asset - STEP_OUTPUT - Yielded output "Formula1_Dataset__driver_standings" of type "Nothing". (Type check passed).
[32m2025-06-17 00:23:19 -0400[0m - dagster - [34mDEBUG[0m - __ASSET_JOB - 95d9a0e6-58cd-4f66-b98c-80af7efbb0ba - 66726 - sling_asset - ASSET_MATERIALIZATION - Materialized value Formula1_Dataset driver_standings.
[32m2025-06-17 00:23:19 -0400[0m - dagster - [34mDEBUG[0m - __ASSET_JOB - 95d9a0e6-58cd-4f66-b98c-80af7efbb0ba - 66726 - sling_asset - STEP_OUTPUT - Yielded output "Formula1_Dataset__constructor_results" of type "Nothing". (Type check passed).
[32m2025-06-17 00:23:20 -0400[0m - dagster - [34mDEBUG[0m - __ASSET_JOB - 95d9a0e6-58cd-4f66-b98c-80af7efbb0ba - 66726 - sling_asset - ASSET_MATERIALIZATION - Materialized value Formula1_Dataset constructor_results.
[32m2025-06-17 00:23:20 -0400[0m - dagster - [34mDEBUG[0m - __ASSET_JOB - 95d9a0e6-58cd-4f66-b98c-80af7efbb0ba - 66726 - sling_asset - STEP_OUTPUT - Yielded output "Formula1_Dataset__pit_stops" of type "Nothing". (Type check passed).
[32m2025-06-17 00:23:20 -0400[0m - dagster - [34mDEBUG[0m - __ASSET_JOB - 95d9a0e6-58cd-4f66-b98c-80af7efbb0ba - 66726 - sling_asset - ASSET_MATERIALIZATION - Materialized value Formula1_Dataset pit_stops.
[32m2025-06-17 00:23:20 -0400[0m - dagster - [34mDEBUG[0m - __ASSET_JOB - 95d9a0e6-58cd-4f66-b98c-80af7efbb0ba - 66726 - sling_asset - STEP_OUTPUT - Yielded output "Formula1_Dataset__seasons" of type "Nothing". (Type check passed).
[32m2025-06-17 00:23:20 -0400[0m - dagster - [34mDEBUG[0m - __ASSET_JOB - 95d9a0e6-58cd-4f66-b98c-80af7efbb0ba - 66726 - sling_asset - ASSET_MATERIALIZATION - Materialized value Formula1_Dataset seasons.
[32m2025-06-17 00:23:20 -0400[0m - dagster - [34mDEBUG[0m - __ASSET_JOB - 95d9a0e6-58cd-4f66-b98c-80af7efbb0ba - 66726 - sling_asset - STEP_OUTPUT - Yielded output "Formula1_Dataset__results" of type "Nothing". (Type check passed).
[32m2025-06-17 00:23:20 -0400[0m - dagster - [34mDEBUG[0m - __ASSET_JOB - 95d9a0e6-58cd-4f66-b98c-80af7efbb0ba - 66726 - sling_asset - ASSET_MATERIALIZATION - Materialized value Formula1_Dataset results.
[32m2025-06-17 00:23:20 -0400[0m - dagster - [34mINFO[0m - __ASSET_JOB - 95d9a0e6-58cd-4f66-b98c-80af7efbb0ba - sling_asset - 12:22AM  Sling CLI | https://slingdata.io
[32m2025-06-17 00:23:20 -0400[0m - dagster - [34mINFO[0m - __ASSET_JOB - 95d9a0e6-58cd-4f66-b98c-80af7efbb0ba - sling_asset - 12:22AM WRN invalid or missing token. Please see https://docs.slingdata.io/sling-cli/cli-pro to enable threads and retries
[32m2025-06-17 00:23:20 -0400[0m - dagster - [34mINFO[0m - __ASSET_JOB - 95d9a0e6-58cd-4f66-b98c-80af7efbb0ba - sling_asset - 12:22AM  Sling Replication [14 streams] | LOCAL -> MySQL_conn
[32m2025-06-17 00:23:20 -0400[0m - dagster - [34mINFO[0m - __ASSET_JOB - 95d9a0e6-58cd-4f66-b98c-80af7efbb0ba - sling_asset
[32m2025-06-17 00:23:20 -0400[0m - dagster - [34mINFO[0m - __ASSET_JOB - 95d9a0e6-58cd-4f66-b98c-80af7efbb0ba - sling_asset - 12:22AM  [1 / 14] running stream file:////Users/opeyemifaronbi/Desktop/dagstar/f1db_csv/circuits.csv
[32m2025-06-17 00:23:20 -0400[0m - dagster - [34mINFO[0m - __ASSET_JOB - 95d9a0e6-58cd-4f66-b98c-80af7efbb0ba - sling_asset - 12:22AM  connecting to target database (mysql)
[32m2025-06-17 00:23:20 -0400[0m - dagster - [34mINFO[0m - __ASSET_JOB - 95d9a0e6-58cd-4f66-b98c-80af7efbb0ba - sling_asset - 12:22AM  reading from source file system (file)
[32m2025-06-17 00:23:20 -0400[0m - dagster - [34mINFO[0m - __ASSET_JOB - 95d9a0e6-58cd-4f66-b98c-80af7efbb0ba - sling_asset - 12:22AM  writing to target database [mode: full-refresh]
[32m2025-06-17 00:23:20 -0400[0m - dagster - [34mINFO[0m - __ASSET_JOB - 95d9a0e6-58cd-4f66-b98c-80af7efbb0ba - sling_asset - 12:22AM  created table `f1_raw`.`circuits_tmp`
[32m2025-06-17 00:23:20 -0400[0m - dagster - [34mINFO[0m - __ASSET_JOB - 95d9a0e6-58cd-4f66-b98c-80af7efbb0ba - sling_asset - 12:22AM  streaming data
[32m2025-06-17 00:23:20 -0400[0m - dagster - [34mINFO[0m - __ASSET_JOB - 95d9a0e6-58cd-4f66-b98c-80af7efbb0ba - sling_asset - 12:22AM  created table `f1_raw`.`circuits`
[32m2025-06-17 00:23:20 -0400[0m - dagster - [34mINFO[0m - __ASSET_JOB - 95d9a0e6-58cd-4f66-b98c-80af7efbb0ba - sling_asset - 12:22AM  inserted 77 rows into `f1_raw`.`circuits` in 0 secs [103 r/s]
[32m2025-06-17 00:23:20 -0400[0m - dagster - [34mINFO[0m - __ASSET_JOB - 95d9a0e6-58cd-4f66-b98c-80af7efbb0ba - sling_asset - 12:22AM  execution succeeded
[32m2025-06-17 00:23:20 -0400[0m - dagster - [34mINFO[0m - __ASSET_JOB - 95d9a0e6-58cd-4f66-b98c-80af7efbb0ba - sling_asset
[32m2025-06-17 00:23:20 -0400[0m - dagster - [34mINFO[0m - __ASSET_JOB - 95d9a0e6-58cd-4f66-b98c-80af7efbb0ba - sling_asset - 12:22AM  [2 / 14] running stream file:////Users/opeyemifaronbi/Desktop/dagstar/f1db_csv/status.csv
[32m2025-06-17 00:23:20 -0400[0m - dagster - [34mINFO[0m - __ASSET_JOB - 95d9a0e6-58cd-4f66-b98c-80af7efbb0ba - sling_asset - 12:22AM  connecting to target database (mysql)
[32m2025-06-17 00:23:20 -0400[0m - dagster - [34mINFO[0m - __ASSET_JOB - 95d9a0e6-58cd-4f66-b98c-80af7efbb0ba - sling_asset - 12:22AM  reading from source file system (file)
[32m2025-06-17 00:23:20 -0400[0m - dagster - [34mINFO[0m - __ASSET_JOB - 95d9a0e6-58cd-4f66-b98c-80af7efbb0ba - sling_asset - 12:22AM  writing to target database [mode: full-refresh]
[32m2025-06-17 00:23:20 -0400[0m - dagster - [34mINFO[0m - __ASSET_JOB - 95d9a0e6-58cd-4f66-b98c-80af7efbb0ba - sling_asset - 12:22AM  created table `f1_raw`.`status_tmp`
[32m2025-06-17 00:23:20 -0400[0m - dagster - [34mINFO[0m - __ASSET_JOB - 95d9a0e6-58cd-4f66-b98c-80af7efbb0ba - sling_asset - 12:22AM  streaming data
[32m2025-06-17 00:23:20 -0400[0m - dagster - [34mINFO[0m - __ASSET_JOB - 95d9a0e6-58cd-4f66-b98c-80af7efbb0ba - sling_asset - 12:22AM  created table `f1_raw`.`status`
[32m2025-06-17 00:23:20 -0400[0m - dagster - [34mINFO[0m - __ASSET_JOB - 95d9a0e6-58cd-4f66-b98c-80af7efbb0ba - sling_asset - 12:22AM  inserted 139 rows into `f1_raw`.`status` in 0 secs [757 r/s]
[32m2025-06-17 00:23:20 -0400[0m - dagster - [34mINFO[0m - __ASSET_JOB - 95d9a0e6-58cd-4f66-b98c-80af7efbb0ba - sling_asset - 12:22AM  execution succeeded
[32m2025-06-17 00:23:20 -0400[0m - dagster - [34mINFO[0m - __ASSET_JOB - 95d9a0e6-58cd-4f66-b98c-80af7efbb0ba - sling_asset
[32m2025-06-17 00:23:20 -0400[0m - dagster - [34mINFO[0m - __ASSET_JOB - 95d9a0e6-58cd-4f66-b98c-80af7efbb0ba - sling_asset - 12:22AM  [3 / 14] running stream file:////Users/opeyemifaronbi/Desktop/dagstar/f1db_csv/lap_times.csv
[32m2025-06-17 00:23:20 -0400[0m - dagster - [34mINFO[0m - __ASSET_JOB - 95d9a0e6-58cd-4f66-b98c-80af7efbb0ba - sling_asset - 12:22AM  connecting to target database (mysql)
[32m2025-06-17 00:23:20 -0400[0m - dagster - [34mINFO[0m - __ASSET_JOB - 95d9a0e6-58cd-4f66-b98c-80af7efbb0ba - sling_asset - 12:22AM  reading from source file system (file)
[32m2025-06-17 00:23:20 -0400[0m - dagster - [34mINFO[0m - __ASSET_JOB - 95d9a0e6-58cd-4f66-b98c-80af7efbb0ba - sling_asset - 12:22AM  writing to target database [mode: full-refresh]
[32m2025-06-17 00:23:20 -0400[0m - dagster - [34mINFO[0m - __ASSET_JOB - 95d9a0e6-58cd-4f66-b98c-80af7efbb0ba - sling_asset - 12:22AM  created table `f1_raw`.`lap_times_tmp`
[32m2025-06-17 00:23:20 -0400[0m - dagster - [34mINFO[0m - __ASSET_JOB - 95d9a0e6-58cd-4f66-b98c-80af7efbb0ba - sling_asset - 12:22AM  streaming data
[32m2025-06-17 00:23:20 -0400[0m - dagster - [34mINFO[0m - __ASSET_JOB - 95d9a0e6-58cd-4f66-b98c-80af7efbb0ba - sling_asset - 1s 15,000 ? p/s 2.0 MB 2s 30,250 15707 r/s 4.0 MB 3s 49,500 15936 r/s 6.5 MB 4s 68,250 16118 r/s 9.0 MB 5s 89,500 16448 r/s 12 MB 6s 107,250 16532 r/s 14 MB 7s 126,000 16676 r/s 17 MB 8s 143,500 16729 r/s 19 MB 9s 163,250 16924 r/s 22 MB 10s 183,250 17122 r/s 24 MB 11s 200,500 17130 r/s 26 MB 12s 220,500 17316 r/s 29 MB 13s 240,250 17473 r/s 32 MB 14s 259,500 17587 r/s 34 MB 15s 279,500 17743 r/s 37 MB 16s 298,750 17840 r/s 39 MB 17s 319,000 17996 r/s 42 MB 18s 338,773 18110 r/s 44 MB 19s 358,000 18183 r/s 47 MB 20s 378,077 18304 r/s 50 MB 21s 397,500 18377 r/s 52 MB 22s 417,750 18473 r/s 55 MB 23s 437,250 18564 r/s 58 MB 24s 457,500 18673 r/s 60 MB 25s 477,000 18726 r/s 63 MB 26s 496,500 18776 r/s 65 MB 27s 516,000 18823 r/s 68 MB 28s 535,250 18850 r/s 70 MB 29s 552,750 18763 r/s 73 MB 30s 569,065 18605 r/s 75 MB 30s 585,500 19640 r/s 77 MB 12:23AM  created table `f1_raw`.`lap_times`
[32m2025-06-17 00:23:20 -0400[0m - dagster - [34mINFO[0m - __ASSET_JOB - 95d9a0e6-58cd-4f66-b98c-80af7efbb0ba - sling_asset - 12:23AM  inserted 589081 rows into `f1_raw`.`lap_times` in 37 secs [15,672 r/s]
[32m2025-06-17 00:23:20 -0400[0m - dagster - [34mINFO[0m - __ASSET_JOB - 95d9a0e6-58cd-4f66-b98c-80af7efbb0ba - sling_asset - 12:23AM  execution succeeded
[32m2025-06-17 00:23:20 -0400[0m - dagster - [34mINFO[0m - __ASSET_JOB - 95d9a0e6-58cd-4f66-b98c-80af7efbb0ba - sling_asset
[32m2025-06-17 00:23:20 -0400[0m - dagster - [34mINFO[0m - __ASSET_JOB - 95d9a0e6-58cd-4f66-b98c-80af7efbb0ba - sling_asset - 12:23AM  [4 / 14] running stream file:////Users/opeyemifaronbi/Desktop/dagstar/f1db_csv/sprint_results.csv
[32m2025-06-17 00:23:20 -0400[0m - dagster - [34mINFO[0m - __ASSET_JOB - 95d9a0e6-58cd-4f66-b98c-80af7efbb0ba - sling_asset - 12:23AM  connecting to target database (mysql)
[32m2025-06-17 00:23:20 -0400[0m - dagster - [34mINFO[0m - __ASSET_JOB - 95d9a0e6-58cd-4f66-b98c-80af7efbb0ba - sling_asset - 12:23AM  reading from source file system (file)
[32m2025-06-17 00:23:20 -0400[0m - dagster - [34mINFO[0m - __ASSET_JOB - 95d9a0e6-58cd-4f66-b98c-80af7efbb0ba - sling_asset - 12:23AM  writing to target database [mode: full-refresh]
[32m2025-06-17 00:23:20 -0400[0m - dagster - [34mINFO[0m - __ASSET_JOB - 95d9a0e6-58cd-4f66-b98c-80af7efbb0ba - sling_asset - 12:23AM  created table `f1_raw`.`sprint_results_tmp`
[32m2025-06-17 00:23:20 -0400[0m - dagster - [34mINFO[0m - __ASSET_JOB - 95d9a0e6-58cd-4f66-b98c-80af7efbb0ba - sling_asset - 12:23AM  streaming data
[32m2025-06-17 00:23:20 -0400[0m - dagster - [34mINFO[0m - __ASSET_JOB - 95d9a0e6-58cd-4f66-b98c-80af7efbb0ba - sling_asset - 12:23AM  created table `f1_raw`.`sprint_results`
[32m2025-06-17 00:23:20 -0400[0m - dagster - [34mINFO[0m - __ASSET_JOB - 95d9a0e6-58cd-4f66-b98c-80af7efbb0ba - sling_asset - 12:23AM  inserted 360 rows into `f1_raw`.`sprint_results` in 0 secs [2,147 r/s]
[32m2025-06-17 00:23:20 -0400[0m - dagster - [34mINFO[0m - __ASSET_JOB - 95d9a0e6-58cd-4f66-b98c-80af7efbb0ba - sling_asset - 12:23AM  execution succeeded
[32m2025-06-17 00:23:20 -0400[0m - dagster - [34mINFO[0m - __ASSET_JOB - 95d9a0e6-58cd-4f66-b98c-80af7efbb0ba - sling_asset
[32m2025-06-17 00:23:20 -0400[0m - dagster - [34mINFO[0m - __ASSET_JOB - 95d9a0e6-58cd-4f66-b98c-80af7efbb0ba - sling_asset - 12:23AM  [5 / 14] running stream file:////Users/opeyemifaronbi/Desktop/dagstar/f1db_csv/drivers.csv
[32m2025-06-17 00:23:20 -0400[0m - dagster - [34mINFO[0m - __ASSET_JOB - 95d9a0e6-58cd-4f66-b98c-80af7efbb0ba - sling_asset - 12:23AM  connecting to target database (mysql)
[32m2025-06-17 00:23:20 -0400[0m - dagster - [34mINFO[0m - __ASSET_JOB - 95d9a0e6-58cd-4f66-b98c-80af7efbb0ba - sling_asset - 12:23AM  reading from source file system (file)
[32m2025-06-17 00:23:20 -0400[0m - dagster - [34mINFO[0m - __ASSET_JOB - 95d9a0e6-58cd-4f66-b98c-80af7efbb0ba - sling_asset - 12:23AM  writing to target database [mode: full-refresh]
[32m2025-06-17 00:23:20 -0400[0m - dagster - [34mINFO[0m - __ASSET_JOB - 95d9a0e6-58cd-4f66-b98c-80af7efbb0ba - sling_asset - 12:23AM  created table `f1_raw`.`drivers_tmp`
[32m2025-06-17 00:23:20 -0400[0m - dagster - [34mINFO[0m - __ASSET_JOB - 95d9a0e6-58cd-4f66-b98c-80af7efbb0ba - sling_asset - 12:23AM  streaming data
[32m2025-06-17 00:23:20 -0400[0m - dagster - [34mINFO[0m - __ASSET_JOB - 95d9a0e6-58cd-4f66-b98c-80af7efbb0ba - sling_asset - 12:23AM  created table `f1_raw`.`drivers`
[32m2025-06-17 00:23:20 -0400[0m - dagster - [34mINFO[0m - __ASSET_JOB - 95d9a0e6-58cd-4f66-b98c-80af7efbb0ba - sling_asset - 12:23AM  inserted 861 rows into `f1_raw`.`drivers` in 0 secs [4,735 r/s]
[32m2025-06-17 00:23:20 -0400[0m - dagster - [34mINFO[0m - __ASSET_JOB - 95d9a0e6-58cd-4f66-b98c-80af7efbb0ba - sling_asset - 12:23AM  execution succeeded
[32m2025-06-17 00:23:20 -0400[0m - dagster - [34mINFO[0m - __ASSET_JOB - 95d9a0e6-58cd-4f66-b98c-80af7efbb0ba - sling_asset
[32m2025-06-17 00:23:20 -0400[0m - dagster - [34mINFO[0m - __ASSET_JOB - 95d9a0e6-58cd-4f66-b98c-80af7efbb0ba - sling_asset - 12:23AM  [6 / 14] running stream file:////Users/opeyemifaronbi/Desktop/dagstar/f1db_csv/races.csv
[32m2025-06-17 00:23:20 -0400[0m - dagster - [34mINFO[0m - __ASSET_JOB - 95d9a0e6-58cd-4f66-b98c-80af7efbb0ba - sling_asset - 12:23AM  connecting to target database (mysql)
[32m2025-06-17 00:23:20 -0400[0m - dagster - [34mINFO[0m - __ASSET_JOB - 95d9a0e6-58cd-4f66-b98c-80af7efbb0ba - sling_asset - 12:23AM  reading from source file system (file)
[32m2025-06-17 00:23:20 -0400[0m - dagster - [34mINFO[0m - __ASSET_JOB - 95d9a0e6-58cd-4f66-b98c-80af7efbb0ba - sling_asset - 12:23AM  writing to target database [mode: full-refresh]
[32m2025-06-17 00:23:20 -0400[0m - dagster - [34mINFO[0m - __ASSET_JOB - 95d9a0e6-58cd-4f66-b98c-80af7efbb0ba - sling_asset - 12:23AM  created table `f1_raw`.`races_tmp`
[32m2025-06-17 00:23:20 -0400[0m - dagster - [34mINFO[0m - __ASSET_JOB - 95d9a0e6-58cd-4f66-b98c-80af7efbb0ba - sling_asset - 12:23AM  streaming data
[32m2025-06-17 00:23:20 -0400[0m - dagster - [34mINFO[0m - __ASSET_JOB - 95d9a0e6-58cd-4f66-b98c-80af7efbb0ba - sling_asset - 12:23AM  created table `f1_raw`.`races`
[32m2025-06-17 00:23:20 -0400[0m - dagster - [34mINFO[0m - __ASSET_JOB - 95d9a0e6-58cd-4f66-b98c-80af7efbb0ba - sling_asset - 12:23AM  inserted 1125 rows into `f1_raw`.`races` in 0 secs [3,977 r/s]
[32m2025-06-17 00:23:20 -0400[0m - dagster - [34mINFO[0m - __ASSET_JOB - 95d9a0e6-58cd-4f66-b98c-80af7efbb0ba - sling_asset - 12:23AM  execution succeeded
[32m2025-06-17 00:23:20 -0400[0m - dagster - [34mINFO[0m - __ASSET_JOB - 95d9a0e6-58cd-4f66-b98c-80af7efbb0ba - sling_asset
[32m2025-06-17 00:23:20 -0400[0m - dagster - [34mINFO[0m - __ASSET_JOB - 95d9a0e6-58cd-4f66-b98c-80af7efbb0ba - sling_asset - 12:23AM  [7 / 14] running stream file:////Users/opeyemifaronbi/Desktop/dagstar/f1db_csv/constructors.csv
[32m2025-06-17 00:23:20 -0400[0m - dagster - [34mINFO[0m - __ASSET_JOB - 95d9a0e6-58cd-4f66-b98c-80af7efbb0ba - sling_asset - 12:23AM  connecting to target database (mysql)
[32m2025-06-17 00:23:20 -0400[0m - dagster - [34mINFO[0m - __ASSET_JOB - 95d9a0e6-58cd-4f66-b98c-80af7efbb0ba - sling_asset - 12:23AM  reading from source file system (file)
[32m2025-06-17 00:23:20 -0400[0m - dagster - [34mINFO[0m - __ASSET_JOB - 95d9a0e6-58cd-4f66-b98c-80af7efbb0ba - sling_asset - 12:23AM  writing to target database [mode: full-refresh]
[32m2025-06-17 00:23:20 -0400[0m - dagster - [34mINFO[0m - __ASSET_JOB - 95d9a0e6-58cd-4f66-b98c-80af7efbb0ba - sling_asset - 12:23AM  created table `f1_raw`.`constructors_tmp`
[32m2025-06-17 00:23:20 -0400[0m - dagster - [34mINFO[0m - __ASSET_JOB - 95d9a0e6-58cd-4f66-b98c-80af7efbb0ba - sling_asset - 12:23AM  streaming data
[32m2025-06-17 00:23:20 -0400[0m - dagster - [34mINFO[0m - __ASSET_JOB - 95d9a0e6-58cd-4f66-b98c-80af7efbb0ba - sling_asset - 12:23AM  created table `f1_raw`.`constructors`
[32m2025-06-17 00:23:20 -0400[0m - dagster - [34mINFO[0m - __ASSET_JOB - 95d9a0e6-58cd-4f66-b98c-80af7efbb0ba - sling_asset - 12:23AM  inserted 212 rows into `f1_raw`.`constructors` in 0 secs [1,409 r/s]
[32m2025-06-17 00:23:20 -0400[0m - dagster - [34mINFO[0m - __ASSET_JOB - 95d9a0e6-58cd-4f66-b98c-80af7efbb0ba - sling_asset - 12:23AM  execution succeeded
[32m2025-06-17 00:23:20 -0400[0m - dagster - [34mINFO[0m - __ASSET_JOB - 95d9a0e6-58cd-4f66-b98c-80af7efbb0ba - sling_asset
[32m2025-06-17 00:23:20 -0400[0m - dagster - [34mINFO[0m - __ASSET_JOB - 95d9a0e6-58cd-4f66-b98c-80af7efbb0ba - sling_asset - 12:23AM  [8 / 14] running stream file:////Users/opeyemifaronbi/Desktop/dagstar/f1db_csv/constructor_standings.csv
[32m2025-06-17 00:23:20 -0400[0m - dagster - [34mINFO[0m - __ASSET_JOB - 95d9a0e6-58cd-4f66-b98c-80af7efbb0ba - sling_asset - 12:23AM  connecting to target database (mysql)
[32m2025-06-17 00:23:20 -0400[0m - dagster - [34mINFO[0m - __ASSET_JOB - 95d9a0e6-58cd-4f66-b98c-80af7efbb0ba - sling_asset - 12:23AM  reading from source file system (file)
[32m2025-06-17 00:23:20 -0400[0m - dagster - [34mINFO[0m - __ASSET_JOB - 95d9a0e6-58cd-4f66-b98c-80af7efbb0ba - sling_asset - 12:23AM  writing to target database [mode: full-refresh]
[32m2025-06-17 00:23:20 -0400[0m - dagster - [34mINFO[0m - __ASSET_JOB - 95d9a0e6-58cd-4f66-b98c-80af7efbb0ba - sling_asset - 12:23AM  created table `f1_raw`.`constructor_standings_tmp`
[32m2025-06-17 00:23:20 -0400[0m - dagster - [34mINFO[0m - __ASSET_JOB - 95d9a0e6-58cd-4f66-b98c-80af7efbb0ba - sling_asset - 12:23AM  streaming data
[32m2025-06-17 00:23:20 -0400[0m - dagster - [34mINFO[0m - __ASSET_JOB - 95d9a0e6-58cd-4f66-b98c-80af7efbb0ba - sling_asset - 12:23AM  created table `f1_raw`.`constructor_standings`
[32m2025-06-17 00:23:20 -0400[0m - dagster - [34mINFO[0m - __ASSET_JOB - 95d9a0e6-58cd-4f66-b98c-80af7efbb0ba - sling_asset - 12:23AM  inserted 13391 rows into `f1_raw`.`constructor_standings` in 1 secs [12,966 r/s]
[32m2025-06-17 00:23:20 -0400[0m - dagster - [34mINFO[0m - __ASSET_JOB - 95d9a0e6-58cd-4f66-b98c-80af7efbb0ba - sling_asset - 12:23AM  execution succeeded
[32m2025-06-17 00:23:20 -0400[0m - dagster - [34mINFO[0m - __ASSET_JOB - 95d9a0e6-58cd-4f66-b98c-80af7efbb0ba - sling_asset
[32m2025-06-17 00:23:20 -0400[0m - dagster - [34mINFO[0m - __ASSET_JOB - 95d9a0e6-58cd-4f66-b98c-80af7efbb0ba - sling_asset - 12:23AM  [9 / 14] running stream file:////Users/opeyemifaronbi/Desktop/dagstar/f1db_csv/qualifying.csv
[32m2025-06-17 00:23:20 -0400[0m - dagster - [34mINFO[0m - __ASSET_JOB - 95d9a0e6-58cd-4f66-b98c-80af7efbb0ba - sling_asset - 12:23AM  connecting to target database (mysql)
[32m2025-06-17 00:23:20 -0400[0m - dagster - [34mINFO[0m - __ASSET_JOB - 95d9a0e6-58cd-4f66-b98c-80af7efbb0ba - sling_asset - 12:23AM  reading from source file system (file)
[32m2025-06-17 00:23:20 -0400[0m - dagster - [34mINFO[0m - __ASSET_JOB - 95d9a0e6-58cd-4f66-b98c-80af7efbb0ba - sling_asset - 12:23AM  writing to target database [mode: full-refresh]
[32m2025-06-17 00:23:20 -0400[0m - dagster - [34mINFO[0m - __ASSET_JOB - 95d9a0e6-58cd-4f66-b98c-80af7efbb0ba - sling_asset - 12:23AM  created table `f1_raw`.`qualifying_tmp`
[32m2025-06-17 00:23:20 -0400[0m - dagster - [34mINFO[0m - __ASSET_JOB - 95d9a0e6-58cd-4f66-b98c-80af7efbb0ba - sling_asset - 12:23AM  streaming data
[32m2025-06-17 00:23:20 -0400[0m - dagster - [34mINFO[0m - __ASSET_JOB - 95d9a0e6-58cd-4f66-b98c-80af7efbb0ba - sling_asset - 12:23AM  created table `f1_raw`.`qualifying`
[32m2025-06-17 00:23:20 -0400[0m - dagster - [34mINFO[0m - __ASSET_JOB - 95d9a0e6-58cd-4f66-b98c-80af7efbb0ba - sling_asset - 12:23AM  inserted 10494 rows into `f1_raw`.`qualifying` in 0 secs [10,744 r/s]
[32m2025-06-17 00:23:20 -0400[0m - dagster - [34mINFO[0m - __ASSET_JOB - 95d9a0e6-58cd-4f66-b98c-80af7efbb0ba - sling_asset - 12:23AM  execution succeeded
[32m2025-06-17 00:23:20 -0400[0m - dagster - [34mINFO[0m - __ASSET_JOB - 95d9a0e6-58cd-4f66-b98c-80af7efbb0ba - sling_asset
[32m2025-06-17 00:23:20 -0400[0m - dagster - [34mINFO[0m - __ASSET_JOB - 95d9a0e6-58cd-4f66-b98c-80af7efbb0ba - sling_asset - 12:23AM  [10 / 14] running stream file:////Users/opeyemifaronbi/Desktop/dagstar/f1db_csv/driver_standings.csv
[32m2025-06-17 00:23:20 -0400[0m - dagster - [34mINFO[0m - __ASSET_JOB - 95d9a0e6-58cd-4f66-b98c-80af7efbb0ba - sling_asset - 12:23AM  connecting to target database (mysql)
[32m2025-06-17 00:23:20 -0400[0m - dagster - [34mINFO[0m - __ASSET_JOB - 95d9a0e6-58cd-4f66-b98c-80af7efbb0ba - sling_asset - 12:23AM  reading from source file system (file)
[32m2025-06-17 00:23:20 -0400[0m - dagster - [34mINFO[0m - __ASSET_JOB - 95d9a0e6-58cd-4f66-b98c-80af7efbb0ba - sling_asset - 12:23AM  writing to target database [mode: full-refresh]
[32m2025-06-17 00:23:20 -0400[0m - dagster - [34mINFO[0m - __ASSET_JOB - 95d9a0e6-58cd-4f66-b98c-80af7efbb0ba - sling_asset - 12:23AM  created table `f1_raw`.`driver_standings_tmp`
[32m2025-06-17 00:23:20 -0400[0m - dagster - [34mINFO[0m - __ASSET_JOB - 95d9a0e6-58cd-4f66-b98c-80af7efbb0ba - sling_asset - 12:23AM  streaming data
[32m2025-06-17 00:23:20 -0400[0m - dagster - [34mINFO[0m - __ASSET_JOB - 95d9a0e6-58cd-4f66-b98c-80af7efbb0ba - sling_asset - 1s 15,762 ? p/s 2.1 MB 1s 33,545 353895 r/s 4.5 MB 12:23AM  created table `f1_raw`.`driver_standings`
[32m2025-06-17 00:23:20 -0400[0m - dagster - [34mINFO[0m - __ASSET_JOB - 95d9a0e6-58cd-4f66-b98c-80af7efbb0ba - sling_asset - 12:23AM  inserted 34863 rows into `f1_raw`.`driver_standings` in 2 secs [14,218 r/s]
[32m2025-06-17 00:23:20 -0400[0m - dagster - [34mINFO[0m - __ASSET_JOB - 95d9a0e6-58cd-4f66-b98c-80af7efbb0ba - sling_asset - 12:23AM  execution succeeded
[32m2025-06-17 00:23:20 -0400[0m - dagster - [34mINFO[0m - __ASSET_JOB - 95d9a0e6-58cd-4f66-b98c-80af7efbb0ba - sling_asset
[32m2025-06-17 00:23:20 -0400[0m - dagster - [34mINFO[0m - __ASSET_JOB - 95d9a0e6-58cd-4f66-b98c-80af7efbb0ba - sling_asset - 12:23AM  [11 / 14] running stream file:////Users/opeyemifaronbi/Desktop/dagstar/f1db_csv/constructor_results.csv
[32m2025-06-17 00:23:20 -0400[0m - dagster - [34mINFO[0m - __ASSET_JOB - 95d9a0e6-58cd-4f66-b98c-80af7efbb0ba - sling_asset - 12:23AM  connecting to target database (mysql)
[32m2025-06-17 00:23:20 -0400[0m - dagster - [34mINFO[0m - __ASSET_JOB - 95d9a0e6-58cd-4f66-b98c-80af7efbb0ba - sling_asset - 12:23AM  reading from source file system (file)
[32m2025-06-17 00:23:20 -0400[0m - dagster - [34mINFO[0m - __ASSET_JOB - 95d9a0e6-58cd-4f66-b98c-80af7efbb0ba - sling_asset - 12:23AM  writing to target database [mode: full-refresh]
[32m2025-06-17 00:23:20 -0400[0m - dagster - [34mINFO[0m - __ASSET_JOB - 95d9a0e6-58cd-4f66-b98c-80af7efbb0ba - sling_asset - 12:23AM  created table `f1_raw`.`constructor_results_tmp`
[32m2025-06-17 00:23:20 -0400[0m - dagster - [34mINFO[0m - __ASSET_JOB - 95d9a0e6-58cd-4f66-b98c-80af7efbb0ba - sling_asset - 12:23AM  streaming data
[32m2025-06-17 00:23:20 -0400[0m - dagster - [34mINFO[0m - __ASSET_JOB - 95d9a0e6-58cd-4f66-b98c-80af7efbb0ba - sling_asset - 12:23AM  created table `f1_raw`.`constructor_results`
[32m2025-06-17 00:23:21 -0400[0m - dagster - [34mINFO[0m - __ASSET_JOB - 95d9a0e6-58cd-4f66-b98c-80af7efbb0ba - sling_asset - 12:23AM  inserted 12625 rows into `f1_raw`.`constructor_results` in 0 secs [14,975 r/s]
[32m2025-06-17 00:23:21 -0400[0m - dagster - [34mINFO[0m - __ASSET_JOB - 95d9a0e6-58cd-4f66-b98c-80af7efbb0ba - sling_asset - 12:23AM  execution succeeded
[32m2025-06-17 00:23:21 -0400[0m - dagster - [34mINFO[0m - __ASSET_JOB - 95d9a0e6-58cd-4f66-b98c-80af7efbb0ba - sling_asset
[32m2025-06-17 00:23:21 -0400[0m - dagster - [34mINFO[0m - __ASSET_JOB - 95d9a0e6-58cd-4f66-b98c-80af7efbb0ba - sling_asset - 12:23AM  [12 / 14] running stream file:////Users/opeyemifaronbi/Desktop/dagstar/f1db_csv/pit_stops.csv
[32m2025-06-17 00:23:21 -0400[0m - dagster - [34mINFO[0m - __ASSET_JOB - 95d9a0e6-58cd-4f66-b98c-80af7efbb0ba - sling_asset - 12:23AM  connecting to target database (mysql)
[32m2025-06-17 00:23:21 -0400[0m - dagster - [34mINFO[0m - __ASSET_JOB - 95d9a0e6-58cd-4f66-b98c-80af7efbb0ba - sling_asset - 12:23AM  reading from source file system (file)
[32m2025-06-17 00:23:21 -0400[0m - dagster - [34mINFO[0m - __ASSET_JOB - 95d9a0e6-58cd-4f66-b98c-80af7efbb0ba - sling_asset - 12:23AM  writing to target database [mode: full-refresh]
[32m2025-06-17 00:23:21 -0400[0m - dagster - [34mINFO[0m - __ASSET_JOB - 95d9a0e6-58cd-4f66-b98c-80af7efbb0ba - sling_asset - 12:23AM  created table `f1_raw`.`pit_stops_tmp`
[32m2025-06-17 00:23:21 -0400[0m - dagster - [34mINFO[0m - __ASSET_JOB - 95d9a0e6-58cd-4f66-b98c-80af7efbb0ba - sling_asset - 12:23AM  streaming data
[32m2025-06-17 00:23:21 -0400[0m - dagster - [34mINFO[0m - __ASSET_JOB - 95d9a0e6-58cd-4f66-b98c-80af7efbb0ba - sling_asset - 12:23AM  created table `f1_raw`.`pit_stops`
[32m2025-06-17 00:23:21 -0400[0m - dagster - [34mINFO[0m - __ASSET_JOB - 95d9a0e6-58cd-4f66-b98c-80af7efbb0ba - sling_asset - 12:23AM  inserted 11371 rows into `f1_raw`.`pit_stops` in 0 secs [12,215 r/s]
[32m2025-06-17 00:23:21 -0400[0m - dagster - [34mINFO[0m - __ASSET_JOB - 95d9a0e6-58cd-4f66-b98c-80af7efbb0ba - sling_asset - 12:23AM  execution succeeded
[32m2025-06-17 00:23:21 -0400[0m - dagster - [34mINFO[0m - __ASSET_JOB - 95d9a0e6-58cd-4f66-b98c-80af7efbb0ba - sling_asset
[32m2025-06-17 00:23:21 -0400[0m - dagster - [34mINFO[0m - __ASSET_JOB - 95d9a0e6-58cd-4f66-b98c-80af7efbb0ba - sling_asset - 12:23AM  [13 / 14] running stream file:////Users/opeyemifaronbi/Desktop/dagstar/f1db_csv/seasons.csv
[32m2025-06-17 00:23:21 -0400[0m - dagster - [34mINFO[0m - __ASSET_JOB - 95d9a0e6-58cd-4f66-b98c-80af7efbb0ba - sling_asset - 12:23AM  connecting to target database (mysql)
[32m2025-06-17 00:23:21 -0400[0m - dagster - [34mINFO[0m - __ASSET_JOB - 95d9a0e6-58cd-4f66-b98c-80af7efbb0ba - sling_asset - 12:23AM  reading from source file system (file)
[32m2025-06-17 00:23:21 -0400[0m - dagster - [34mINFO[0m - __ASSET_JOB - 95d9a0e6-58cd-4f66-b98c-80af7efbb0ba - sling_asset - 12:23AM  writing to target database [mode: full-refresh]
[32m2025-06-17 00:23:21 -0400[0m - dagster - [34mINFO[0m - __ASSET_JOB - 95d9a0e6-58cd-4f66-b98c-80af7efbb0ba - sling_asset - 12:23AM  created table `f1_raw`.`seasons_tmp`
[32m2025-06-17 00:23:21 -0400[0m - dagster - [34mINFO[0m - __ASSET_JOB - 95d9a0e6-58cd-4f66-b98c-80af7efbb0ba - sling_asset - 12:23AM  streaming data
[32m2025-06-17 00:23:21 -0400[0m - dagster - [34mINFO[0m - __ASSET_JOB - 95d9a0e6-58cd-4f66-b98c-80af7efbb0ba - sling_asset - 12:23AM  created table `f1_raw`.`seasons`
[32m2025-06-17 00:23:21 -0400[0m - dagster - [34mINFO[0m - __ASSET_JOB - 95d9a0e6-58cd-4f66-b98c-80af7efbb0ba - sling_asset - 12:23AM  inserted 75 rows into `f1_raw`.`seasons` in 0 secs [851 r/s]
[32m2025-06-17 00:23:21 -0400[0m - dagster - [34mINFO[0m - __ASSET_JOB - 95d9a0e6-58cd-4f66-b98c-80af7efbb0ba - sling_asset - 12:23AM  execution succeeded
[32m2025-06-17 00:23:21 -0400[0m - dagster - [34mINFO[0m - __ASSET_JOB - 95d9a0e6-58cd-4f66-b98c-80af7efbb0ba - sling_asset
[32m2025-06-17 00:23:21 -0400[0m - dagster - [34mINFO[0m - __ASSET_JOB - 95d9a0e6-58cd-4f66-b98c-80af7efbb0ba - sling_asset - 12:23AM  [14 / 14] running stream file:////Users/opeyemifaronbi/Desktop/dagstar/f1db_csv/results.csv
[32m2025-06-17 00:23:21 -0400[0m - dagster - [34mINFO[0m - __ASSET_JOB - 95d9a0e6-58cd-4f66-b98c-80af7efbb0ba - sling_asset - 12:23AM  connecting to target database (mysql)
[32m2025-06-17 00:23:21 -0400[0m - dagster - [34mINFO[0m - __ASSET_JOB - 95d9a0e6-58cd-4f66-b98c-80af7efbb0ba - sling_asset - 12:23AM  reading from source file system (file)
[32m2025-06-17 00:23:21 -0400[0m - dagster - [34mINFO[0m - __ASSET_JOB - 95d9a0e6-58cd-4f66-b98c-80af7efbb0ba - sling_asset - 12:23AM  writing to target database [mode: full-refresh]
[32m2025-06-17 00:23:21 -0400[0m - dagster - [34mINFO[0m - __ASSET_JOB - 95d9a0e6-58cd-4f66-b98c-80af7efbb0ba - sling_asset - 12:23AM  created table `f1_raw`.`results_tmp`
[32m2025-06-17 00:23:21 -0400[0m - dagster - [34mINFO[0m - __ASSET_JOB - 95d9a0e6-58cd-4f66-b98c-80af7efbb0ba - sling_asset - 12:23AM  streaming data
[32m2025-06-17 00:23:21 -0400[0m - dagster - [34mINFO[0m - __ASSET_JOB - 95d9a0e6-58cd-4f66-b98c-80af7efbb0ba - sling_asset - 1s 8,400 ? p/s 1.3 MB 2s 17,000 8602 r/s 2.7 MB 3s 25,700 22471 r/s 4.1 MB 12:23AM  created table `f1_raw`.`results`
[32m2025-06-17 00:23:21 -0400[0m - dagster - [34mINFO[0m - __ASSET_JOB - 95d9a0e6-58cd-4f66-b98c-80af7efbb0ba - sling_asset - 12:23AM  inserted 26759 rows into `f1_raw`.`results` in 3 secs [7,598 r/s]
[32m2025-06-17 00:23:21 -0400[0m - dagster - [34mINFO[0m - __ASSET_JOB - 95d9a0e6-58cd-4f66-b98c-80af7efbb0ba - sling_asset - 12:23AM  execution succeeded
[32m2025-06-17 00:23:21 -0400[0m - dagster - [34mINFO[0m - __ASSET_JOB - 95d9a0e6-58cd-4f66-b98c-80af7efbb0ba - sling_asset
[32m2025-06-17 00:23:21 -0400[0m - dagster - [34mINFO[0m - __ASSET_JOB - 95d9a0e6-58cd-4f66-b98c-80af7efbb0ba - sling_asset - 12:23AM  Sling Replication Completed in 50s | LOCAL -> MySQL_conn | 14 Successes | 0 Failures
[32m2025-06-17 00:23:21 -0400[0m - dagster - [34mINFO[0m - __ASSET_JOB - 95d9a0e6-58cd-4f66-b98c-80af7efbb0ba - sling_asset
[32m2025-06-17 00:23:21 -0400[0m - dagster - [34mDEBUG[0m - __ASSET_JOB - 95d9a0e6-58cd-4f66-b98c-80af7efbb0ba - 66726 - sling_asset - STEP_SUCCESS - Finished execution of step "sling_asset" in 56.18s.
