[32m2025-06-20 01:43:35 -0400[0m - dagster - [34mDEBUG[0m - __ASSET_JOB - 8d1d8377-25ed-4042-ba6f-7c3e14c1c1df - 57826 - LOGS_CAPTURED - Started capturing logs in process (pid: 57826).
[32m2025-06-20 01:43:36 -0400[0m - dagster - [34mDEBUG[0m - __ASSET_JOB - 8d1d8377-25ed-4042-ba6f-7c3e14c1c1df - 57826 - dbt_formula1_project - STEP_START - Started execution of step "dbt_formula1_project".
[32m2025-06-20 01:43:36 -0400[0m - dagster - [34mINFO[0m - __ASSET_JOB - 8d1d8377-25ed-4042-ba6f-7c3e14c1c1df - dbt_formula1_project - A dbt subsetted execution is not being performed. Using the default dbt selection arguments `['--select', 'fqn:*']`.
[32m2025-06-20 01:43:36 -0400[0m - dagster - [34mINFO[0m - __ASSET_JOB - 8d1d8377-25ed-4042-ba6f-7c3e14c1c1df - dbt_formula1_project - Copying `/Users/opeyemifaronbi/Desktop/dagstar/dagster_university/Dagster-dbt/formula1_project/target/partial_parse.msgpack` to `/Users/opeyemifaronbi/Desktop/dagstar/dagster_university/Dagster-dbt/formula1_project/target/dbt_formula1_project-8d1d837-a1cd99f/partial_parse.msgpack` to take advantage of partial parsing.
[32m2025-06-20 01:43:36 -0400[0m - dagster - [34mINFO[0m - __ASSET_JOB - 8d1d8377-25ed-4042-ba6f-7c3e14c1c1df - dbt_formula1_project - Running dbt command: `dbt build --profile formula1_project --target dev --select fqn:*`.
[32m2025-06-20 01:43:42 -0400[0m - dagster - [34mDEBUG[0m - __ASSET_JOB - 8d1d8377-25ed-4042-ba6f-7c3e14c1c1df - 57826 - dbt_formula1_project - STEP_OUTPUT - Yielded output "Dagster_dbt_staging__circuits_stg" of type "Nothing". (Type check passed).
[32m2025-06-20 01:43:42 -0400[0m - dagster - [34mDEBUG[0m - __ASSET_JOB - 8d1d8377-25ed-4042-ba6f-7c3e14c1c1df - 57826 - dbt_formula1_project - ASSET_MATERIALIZATION - Materialized value Dagster_dbt_staging circuits_stg.
[32m2025-06-20 01:43:42 -0400[0m - dagster - [34mDEBUG[0m - __ASSET_JOB - 8d1d8377-25ed-4042-ba6f-7c3e14c1c1df - 57826 - dbt_formula1_project - STEP_OUTPUT - Yielded output "Dagster_dbt_staging__constructor_results_stg" of type "Nothing". (Type check passed).
[32m2025-06-20 01:43:42 -0400[0m - dagster - [34mDEBUG[0m - __ASSET_JOB - 8d1d8377-25ed-4042-ba6f-7c3e14c1c1df - 57826 - dbt_formula1_project - ASSET_MATERIALIZATION - Materialized value Dagster_dbt_staging constructor_results_stg.
[32m2025-06-20 01:43:43 -0400[0m - dagster - [34mDEBUG[0m - __ASSET_JOB - 8d1d8377-25ed-4042-ba6f-7c3e14c1c1df - 57826 - dbt_formula1_project - STEP_OUTPUT - Yielded output "Dagster_dbt_staging__constructor_standings_stg" of type "Nothing". (Type check passed).
[32m2025-06-20 01:43:43 -0400[0m - dagster - [34mDEBUG[0m - __ASSET_JOB - 8d1d8377-25ed-4042-ba6f-7c3e14c1c1df - 57826 - dbt_formula1_project - ASSET_MATERIALIZATION - Materialized value Dagster_dbt_staging constructor_standings_stg.
[32m2025-06-20 01:43:43 -0400[0m - dagster - [34mDEBUG[0m - __ASSET_JOB - 8d1d8377-25ed-4042-ba6f-7c3e14c1c1df - 57826 - dbt_formula1_project - STEP_OUTPUT - Yielded output "Dagster_dbt_staging__constructors_stg" of type "Nothing". (Type check passed).
[32m2025-06-20 01:43:43 -0400[0m - dagster - [34mDEBUG[0m - __ASSET_JOB - 8d1d8377-25ed-4042-ba6f-7c3e14c1c1df - 57826 - dbt_formula1_project - ASSET_MATERIALIZATION - Materialized value Dagster_dbt_staging constructors_stg.
[32m2025-06-20 01:43:44 -0400[0m - dagster - [34mDEBUG[0m - __ASSET_JOB - 8d1d8377-25ed-4042-ba6f-7c3e14c1c1df - 57826 - dbt_formula1_project - STEP_OUTPUT - Yielded output "Dagster_dbt_staging__driver_standings_stg" of type "Nothing". (Type check passed).
[32m2025-06-20 01:43:44 -0400[0m - dagster - [34mDEBUG[0m - __ASSET_JOB - 8d1d8377-25ed-4042-ba6f-7c3e14c1c1df - 57826 - dbt_formula1_project - ASSET_MATERIALIZATION - Materialized value Dagster_dbt_staging driver_standings_stg.
[32m2025-06-20 01:43:44 -0400[0m - dagster - [34mDEBUG[0m - __ASSET_JOB - 8d1d8377-25ed-4042-ba6f-7c3e14c1c1df - 57826 - dbt_formula1_project - STEP_OUTPUT - Yielded output "Dagster_dbt_staging__drivers_stg" of type "Nothing". (Type check passed).
[32m2025-06-20 01:43:44 -0400[0m - dagster - [34mDEBUG[0m - __ASSET_JOB - 8d1d8377-25ed-4042-ba6f-7c3e14c1c1df - 57826 - dbt_formula1_project - ASSET_MATERIALIZATION - Materialized value Dagster_dbt_staging drivers_stg.
[32m2025-06-20 01:43:50 -0400[0m - dagster - [34mDEBUG[0m - __ASSET_JOB - 8d1d8377-25ed-4042-ba6f-7c3e14c1c1df - 57826 - dbt_formula1_project - STEP_OUTPUT - Yielded output "Dagster_dbt_staging__lap_times_stg" of type "Nothing". (Type check passed).
[32m2025-06-20 01:43:50 -0400[0m - dagster - [34mDEBUG[0m - __ASSET_JOB - 8d1d8377-25ed-4042-ba6f-7c3e14c1c1df - 57826 - dbt_formula1_project - ASSET_MATERIALIZATION - Materialized value Dagster_dbt_staging lap_times_stg.
[32m2025-06-20 01:43:50 -0400[0m - dagster - [34mDEBUG[0m - __ASSET_JOB - 8d1d8377-25ed-4042-ba6f-7c3e14c1c1df - 57826 - dbt_formula1_project - STEP_OUTPUT - Yielded output "Dagster_dbt_staging__pit_stops_stg" of type "Nothing". (Type check passed).
[32m2025-06-20 01:43:51 -0400[0m - dagster - [34mDEBUG[0m - __ASSET_JOB - 8d1d8377-25ed-4042-ba6f-7c3e14c1c1df - 57826 - dbt_formula1_project - ASSET_MATERIALIZATION - Materialized value Dagster_dbt_staging pit_stops_stg.
[32m2025-06-20 01:43:51 -0400[0m - dagster - [34mDEBUG[0m - __ASSET_JOB - 8d1d8377-25ed-4042-ba6f-7c3e14c1c1df - 57826 - dbt_formula1_project - STEP_OUTPUT - Yielded output "Dagster_dbt_staging__qualifying_stg" of type "Nothing". (Type check passed).
[32m2025-06-20 01:43:51 -0400[0m - dagster - [34mDEBUG[0m - __ASSET_JOB - 8d1d8377-25ed-4042-ba6f-7c3e14c1c1df - 57826 - dbt_formula1_project - ASSET_MATERIALIZATION - Materialized value Dagster_dbt_staging qualifying_stg.
[32m2025-06-20 01:43:51 -0400[0m - dagster - [34mDEBUG[0m - __ASSET_JOB - 8d1d8377-25ed-4042-ba6f-7c3e14c1c1df - 57826 - dbt_formula1_project - STEP_OUTPUT - Yielded output "Dagster_dbt_staging__race_stg" of type "Nothing". (Type check passed).
[32m2025-06-20 01:43:51 -0400[0m - dagster - [34mDEBUG[0m - __ASSET_JOB - 8d1d8377-25ed-4042-ba6f-7c3e14c1c1df - 57826 - dbt_formula1_project - ASSET_MATERIALIZATION - Materialized value Dagster_dbt_staging race_stg.
[32m2025-06-20 01:43:52 -0400[0m - dagster - [34mDEBUG[0m - __ASSET_JOB - 8d1d8377-25ed-4042-ba6f-7c3e14c1c1df - 57826 - dbt_formula1_project - STEP_OUTPUT - Yielded output "Dagster_dbt_staging__results_stg" of type "Nothing". (Type check passed).
[32m2025-06-20 01:43:52 -0400[0m - dagster - [34mDEBUG[0m - __ASSET_JOB - 8d1d8377-25ed-4042-ba6f-7c3e14c1c1df - 57826 - dbt_formula1_project - ASSET_MATERIALIZATION - Materialized value Dagster_dbt_staging results_stg.
[32m2025-06-20 01:43:52 -0400[0m - dagster - [34mDEBUG[0m - __ASSET_JOB - 8d1d8377-25ed-4042-ba6f-7c3e14c1c1df - 57826 - dbt_formula1_project - STEP_OUTPUT - Yielded output "Dagster_dbt_staging__seasons_stg" of type "Nothing". (Type check passed).
[32m2025-06-20 01:43:52 -0400[0m - dagster - [34mDEBUG[0m - __ASSET_JOB - 8d1d8377-25ed-4042-ba6f-7c3e14c1c1df - 57826 - dbt_formula1_project - ASSET_MATERIALIZATION - Materialized value Dagster_dbt_staging seasons_stg.
[32m2025-06-20 01:43:52 -0400[0m - dagster - [34mDEBUG[0m - __ASSET_JOB - 8d1d8377-25ed-4042-ba6f-7c3e14c1c1df - 57826 - dbt_formula1_project - STEP_OUTPUT - Yielded output "Dagster_dbt_staging__sprint_results_stg" of type "Nothing". (Type check passed).
[32m2025-06-20 01:43:52 -0400[0m - dagster - [34mDEBUG[0m - __ASSET_JOB - 8d1d8377-25ed-4042-ba6f-7c3e14c1c1df - 57826 - dbt_formula1_project - ASSET_MATERIALIZATION - Materialized value Dagster_dbt_staging sprint_results_stg.
[32m2025-06-20 01:43:52 -0400[0m - dagster - [34mDEBUG[0m - __ASSET_JOB - 8d1d8377-25ed-4042-ba6f-7c3e14c1c1df - 57826 - dbt_formula1_project - STEP_OUTPUT - Yielded output "Dagster_dbt_staging__status_stg" of type "Nothing". (Type check passed).
[32m2025-06-20 01:43:52 -0400[0m - dagster - [34mDEBUG[0m - __ASSET_JOB - 8d1d8377-25ed-4042-ba6f-7c3e14c1c1df - 57826 - dbt_formula1_project - ASSET_MATERIALIZATION - Materialized value Dagster_dbt_staging status_stg.
[32m2025-06-20 01:43:53 -0400[0m - dagster - [34mINFO[0m - __ASSET_JOB - 8d1d8377-25ed-4042-ba6f-7c3e14c1c1df - dbt_formula1_project - Finished dbt command: `dbt build --profile formula1_project --target dev --select fqn:*`.
[32m2025-06-20 01:43:53 -0400[0m - dagster - [34mDEBUG[0m - __ASSET_JOB - 8d1d8377-25ed-4042-ba6f-7c3e14c1c1df - 57826 - dbt_formula1_project - STEP_SUCCESS - Finished execution of step "dbt_formula1_project" in 17.09s.
